<?xml version="1.0" encoding="UTF-8"?>
<coverage generated="1622560177950" clover="3.2.0">
  <project timestamp="1622560177951" name="All files">
    <metrics statements="827" coveredstatements="83" conditionals="540" coveredconditionals="22" methods="327" coveredmethods="9" elements="1694" coveredelements="114" complexity="0" loc="827" ncloc="827" packages="38" files="91" classes="91"/>
    <package name="src">
      <metrics statements="26" coveredstatements="5" conditionals="12" coveredconditionals="0" methods="7" coveredmethods="0"/>
      <file name="App.js" path="/home/mai/Documents/AssetsManagement/src/App.js">
        <metrics statements="12" coveredstatements="0" conditionals="8" coveredconditionals="0" methods="4" coveredmethods="0"/>
        <line num="13" count="0" type="stmt"/>
        <line num="14" count="0" type="stmt"/>
        <line num="16" count="0" type="stmt"/>
        <line num="17" count="0" type="stmt"/>
        <line num="18" count="0" type="cond" truecount="0" falsecount="2"/>
        <line num="20" count="0" type="stmt"/>
        <line num="27" count="0" type="stmt"/>
        <line num="30" count="0" type="cond" truecount="0" falsecount="2"/>
        <line num="31" count="0" type="cond" truecount="0" falsecount="2"/>
        <line num="32" count="0" type="stmt"/>
        <line num="34" count="0" type="stmt"/>
        <line num="42" count="0" type="stmt"/>
      </file>
      <file name="AuthRoute.js" path="/home/mai/Documents/AssetsManagement/src/AuthRoute.js">
        <metrics statements="9" coveredstatements="0" conditionals="4" coveredconditionals="0" methods="3" coveredmethods="0"/>
        <line num="5" count="0" type="stmt"/>
        <line num="6" count="0" type="stmt"/>
        <line num="8" count="0" type="stmt"/>
        <line num="9" count="0" type="stmt"/>
        <line num="10" count="0" type="cond" truecount="0" falsecount="2"/>
        <line num="11" count="0" type="stmt"/>
        <line num="13" count="0" type="stmt"/>
        <line num="18" count="0" type="cond" truecount="0" falsecount="2"/>
        <line num="20" count="0" type="stmt"/>
      </file>
      <file name="database.js" path="/home/mai/Documents/AssetsManagement/src/database.js">
        <metrics statements="5" coveredstatements="5" conditionals="0" coveredconditionals="0" methods="0" coveredmethods="0"/>
        <line num="7" count="3" type="stmt"/>
        <line num="18" count="3" type="stmt"/>
        <line num="20" count="3" type="stmt"/>
        <line num="21" count="3" type="stmt"/>
        <line num="22" count="3" type="stmt"/>
      </file>
    </package>
    <package name="src.components.BaseModal">
      <metrics statements="5" coveredstatements="4" conditionals="12" coveredconditionals="0" methods="1" coveredmethods="0"/>
      <file name="BaseModal.js" path="/home/mai/Documents/AssetsManagement/src/components/BaseModal/BaseModal.js">
        <metrics statements="4" coveredstatements="3" conditionals="12" coveredconditionals="0" methods="1" coveredmethods="0"/>
        <line num="8" count="1" type="stmt"/>
        <line num="21" count="1" type="stmt"/>
        <line num="34" count="0" type="stmt"/>
        <line num="60" count="1" type="stmt"/>
      </file>
      <file name="BaseModal.style.js" path="/home/mai/Documents/AssetsManagement/src/components/BaseModal/BaseModal.style.js">
        <metrics statements="1" coveredstatements="1" conditionals="0" coveredconditionals="0" methods="0" coveredmethods="0"/>
        <line num="4" count="1" type="stmt"/>
      </file>
    </package>
    <package name="src.components.BoxSearch">
      <metrics statements="3" coveredstatements="3" conditionals="1" coveredconditionals="0" methods="1" coveredmethods="1"/>
      <file name="BoxSearch.js" path="/home/mai/Documents/AssetsManagement/src/components/BoxSearch/BoxSearch.js">
        <metrics statements="2" coveredstatements="2" conditionals="1" coveredconditionals="0" methods="1" coveredmethods="1"/>
        <line num="7" count="1" type="cond" truecount="0" falsecount="1"/>
        <line num="8" count="4" type="stmt"/>
      </file>
      <file name="BoxSearch.style.js" path="/home/mai/Documents/AssetsManagement/src/components/BoxSearch/BoxSearch.style.js">
        <metrics statements="1" coveredstatements="1" conditionals="0" coveredconditionals="0" methods="0" coveredmethods="0"/>
        <line num="3" count="1" type="stmt"/>
      </file>
    </package>
    <package name="src.components.BoxSelect">
      <metrics statements="4" coveredstatements="0" conditionals="4" coveredconditionals="0" methods="2" coveredmethods="0"/>
      <file name="BoxSelect.js" path="/home/mai/Documents/AssetsManagement/src/components/BoxSelect/BoxSelect.js">
        <metrics statements="3" coveredstatements="0" conditionals="4" coveredconditionals="0" methods="2" coveredmethods="0"/>
        <line num="5" count="0" type="stmt"/>
        <line num="6" count="0" type="stmt"/>
        <line num="19" count="0" type="stmt"/>
      </file>
      <file name="BoxSelect.style.js" path="/home/mai/Documents/AssetsManagement/src/components/BoxSelect/BoxSelect.style.js">
        <metrics statements="1" coveredstatements="0" conditionals="0" coveredconditionals="0" methods="0" coveredmethods="0"/>
        <line num="3" count="0" type="stmt"/>
      </file>
    </package>
    <package name="src.components.BreadCrumb">
      <metrics statements="5" coveredstatements="0" conditionals="6" coveredconditionals="0" methods="2" coveredmethods="0"/>
      <file name="BreadCrumb.js" path="/home/mai/Documents/AssetsManagement/src/components/BreadCrumb/BreadCrumb.js">
        <metrics statements="5" coveredstatements="0" conditionals="6" coveredconditionals="0" methods="2" coveredmethods="0"/>
        <line num="4" count="0" type="stmt"/>
        <line num="5" count="0" type="stmt"/>
        <line num="9" count="0" type="stmt"/>
        <line num="10" count="0" type="cond" truecount="0" falsecount="4"/>
        <line num="11" count="0" type="stmt"/>
      </file>
      <file name="BreadCrumb.style.js" path="/home/mai/Documents/AssetsManagement/src/components/BreadCrumb/BreadCrumb.style.js">
        <metrics statements="0" coveredstatements="0" conditionals="0" coveredconditionals="0" methods="0" coveredmethods="0"/>
      </file>
    </package>
    <package name="src.components.DatePickerInput">
      <metrics statements="5" coveredstatements="3" conditionals="1" coveredconditionals="0" methods="3" coveredmethods="1"/>
      <file name="DatePickerInput.js" path="/home/mai/Documents/AssetsManagement/src/components/DatePickerInput/DatePickerInput.js">
        <metrics statements="4" coveredstatements="2" conditionals="1" coveredconditionals="0" methods="3" coveredmethods="1"/>
        <line num="7" count="1" type="cond" truecount="0" falsecount="1"/>
        <line num="8" count="4" type="stmt"/>
        <line num="15" count="0" type="stmt"/>
        <line num="16" count="0" type="stmt"/>
      </file>
      <file name="DatePickerInput.style.js" path="/home/mai/Documents/AssetsManagement/src/components/DatePickerInput/DatePickerInput.style.js">
        <metrics statements="1" coveredstatements="1" conditionals="0" coveredconditionals="0" methods="0" coveredmethods="0"/>
        <line num="3" count="1" type="stmt"/>
      </file>
    </package>
    <package name="src.components.DragAndDropWrapper">
      <metrics statements="5" coveredstatements="0" conditionals="4" coveredconditionals="0" methods="2" coveredmethods="0"/>
      <file name="Placeholder.js" path="/home/mai/Documents/AssetsManagement/src/components/DragAndDropWrapper/Placeholder.js">
        <metrics statements="4" coveredstatements="0" conditionals="4" coveredconditionals="0" methods="2" coveredmethods="0"/>
        <line num="6" count="0" type="stmt"/>
        <line num="23" count="0" type="stmt"/>
        <line num="30" count="0" type="stmt"/>
        <line num="31" count="0" type="cond" truecount="0" falsecount="2"/>
      </file>
      <file name="index.styles.js" path="/home/mai/Documents/AssetsManagement/src/components/DragAndDropWrapper/index.styles.js">
        <metrics statements="1" coveredstatements="0" conditionals="0" coveredconditionals="0" methods="0" coveredmethods="0"/>
        <line num="3" count="0" type="stmt"/>
      </file>
    </package>
    <package name="src.components.ExcelExport">
      <metrics statements="5" coveredstatements="0" conditionals="0" coveredconditionals="0" methods="1" coveredmethods="0"/>
      <file name="ExcelExport.js" path="/home/mai/Documents/AssetsManagement/src/components/ExcelExport/ExcelExport.js">
        <metrics statements="5" coveredstatements="0" conditionals="0" coveredconditionals="0" methods="1" coveredmethods="0"/>
        <line num="5" count="0" type="stmt"/>
        <line num="6" count="0" type="stmt"/>
        <line num="7" count="0" type="stmt"/>
        <line num="9" count="0" type="stmt"/>
        <line num="10" count="0" type="stmt"/>
      </file>
      <file name="ExcelExport.styles.js" path="/home/mai/Documents/AssetsManagement/src/components/ExcelExport/ExcelExport.styles.js">
        <metrics statements="0" coveredstatements="0" conditionals="0" coveredconditionals="0" methods="0" coveredmethods="0"/>
      </file>
    </package>
    <package name="src.components.ItemFilter">
      <metrics statements="3" coveredstatements="0" conditionals="0" coveredconditionals="0" methods="1" coveredmethods="0"/>
      <file name="ItemFilter.js" path="/home/mai/Documents/AssetsManagement/src/components/ItemFilter/ItemFilter.js">
        <metrics statements="2" coveredstatements="0" conditionals="0" coveredconditionals="0" methods="1" coveredmethods="0"/>
        <line num="10" count="0" type="stmt"/>
        <line num="11" count="0" type="stmt"/>
      </file>
      <file name="ItemFilter.style.js" path="/home/mai/Documents/AssetsManagement/src/components/ItemFilter/ItemFilter.style.js">
        <metrics statements="1" coveredstatements="0" conditionals="0" coveredconditionals="0" methods="0" coveredmethods="0"/>
        <line num="3" count="0" type="stmt"/>
      </file>
    </package>
    <package name="src.components.Label">
      <metrics statements="5" coveredstatements="0" conditionals="2" coveredconditionals="0" methods="1" coveredmethods="0"/>
      <file name="Label.js" path="/home/mai/Documents/AssetsManagement/src/components/Label/Label.js">
        <metrics statements="5" coveredstatements="0" conditionals="2" coveredconditionals="0" methods="1" coveredmethods="0"/>
        <line num="6" count="0" type="stmt"/>
        <line num="20" count="0" type="stmt"/>
        <line num="25" count="0" type="stmt"/>
        <line num="26" count="0" type="stmt"/>
        <line num="36" count="0" type="stmt"/>
      </file>
    </package>
    <package name="src.components.LayoutPage">
      <metrics statements="2" coveredstatements="0" conditionals="2" coveredconditionals="0" methods="1" coveredmethods="0"/>
      <file name="LayoutPage.js" path="/home/mai/Documents/AssetsManagement/src/components/LayoutPage/LayoutPage.js">
        <metrics statements="2" coveredstatements="0" conditionals="2" coveredconditionals="0" methods="1" coveredmethods="0"/>
        <line num="13" count="0" type="stmt"/>
        <line num="15" count="0" type="stmt"/>
      </file>
      <file name="LayoutPage.styles.js" path="/home/mai/Documents/AssetsManagement/src/components/LayoutPage/LayoutPage.styles.js">
        <metrics statements="0" coveredstatements="0" conditionals="0" coveredconditionals="0" methods="0" coveredmethods="0"/>
      </file>
    </package>
    <package name="src.components.Loading">
      <metrics statements="3" coveredstatements="2" conditionals="0" coveredconditionals="0" methods="1" coveredmethods="0"/>
      <file name="Loading.js" path="/home/mai/Documents/AssetsManagement/src/components/Loading/Loading.js">
        <metrics statements="3" coveredstatements="2" conditionals="0" coveredconditionals="0" methods="1" coveredmethods="0"/>
        <line num="5" count="1" type="stmt"/>
        <line num="13" count="1" type="stmt"/>
        <line num="14" count="0" type="stmt"/>
      </file>
    </package>
    <package name="src.components.ModalChangePassword">
      <metrics statements="25" coveredstatements="0" conditionals="8" coveredconditionals="0" methods="11" coveredmethods="0"/>
      <file name="ModalChangePassword.js" path="/home/mai/Documents/AssetsManagement/src/components/ModalChangePassword/ModalChangePassword.js">
        <metrics statements="25" coveredstatements="0" conditionals="8" coveredconditionals="0" methods="11" coveredmethods="0"/>
        <line num="11" count="0" type="stmt"/>
        <line num="12" count="0" type="stmt"/>
        <line num="13" count="0" type="stmt"/>
        <line num="15" count="0" type="stmt"/>
        <line num="17" count="0" type="stmt"/>
        <line num="18" count="0" type="stmt"/>
        <line num="19" count="0" type="stmt"/>
        <line num="20" count="0" type="stmt"/>
        <line num="23" count="0" type="stmt"/>
        <line num="26" count="0" type="stmt"/>
        <line num="27" count="0" type="stmt"/>
        <line num="28" count="0" type="stmt"/>
        <line num="31" count="0" type="stmt"/>
        <line num="35" count="0" type="stmt"/>
        <line num="41" count="0" type="stmt"/>
        <line num="48" count="0" type="stmt"/>
        <line num="49" count="0" type="stmt"/>
        <line num="52" count="0" type="stmt"/>
        <line num="53" count="0" type="stmt"/>
        <line num="60" count="0" type="stmt"/>
        <line num="61" count="0" type="stmt"/>
        <line num="65" count="0" type="stmt"/>
        <line num="76" count="0" type="stmt"/>
        <line num="142" count="0" type="stmt"/>
        <line num="143" count="0" type="stmt"/>
      </file>
      <file name="ModalChangePassword.styles.js" path="/home/mai/Documents/AssetsManagement/src/components/ModalChangePassword/ModalChangePassword.styles.js">
        <metrics statements="0" coveredstatements="0" conditionals="0" coveredconditionals="0" methods="0" coveredmethods="0"/>
      </file>
    </package>
    <package name="src.components.ModalImportFile">
      <metrics statements="19" coveredstatements="2" conditionals="19" coveredconditionals="0" methods="9" coveredmethods="0"/>
      <file name="ModalImportFile.js" path="/home/mai/Documents/AssetsManagement/src/components/ModalImportFile/ModalImportFile.js">
        <metrics statements="18" coveredstatements="1" conditionals="19" coveredconditionals="0" methods="9" coveredmethods="0"/>
        <line num="11" count="1" type="stmt"/>
        <line num="12" count="0" type="stmt"/>
        <line num="13" count="0" type="stmt"/>
        <line num="14" count="0" type="stmt"/>
        <line num="16" count="0" type="stmt"/>
        <line num="47" count="0" type="stmt"/>
        <line num="49" count="0" type="stmt"/>
        <line num="51" count="0" type="stmt"/>
        <line num="53" count="0" type="cond" truecount="0" falsecount="2"/>
        <line num="54" count="0" type="stmt"/>
        <line num="56" count="0" type="stmt"/>
        <line num="57" count="0" type="stmt"/>
        <line num="60" count="0" type="cond" truecount="0" falsecount="2"/>
        <line num="64" count="0" type="stmt"/>
        <line num="66" count="0" type="stmt"/>
        <line num="81" count="0" type="stmt"/>
        <line num="99" count="0" type="stmt"/>
        <line num="100" count="0" type="stmt"/>
      </file>
      <file name="ModalImportFile.styles.js" path="/home/mai/Documents/AssetsManagement/src/components/ModalImportFile/ModalImportFile.styles.js">
        <metrics statements="1" coveredstatements="1" conditionals="0" coveredconditionals="0" methods="0" coveredmethods="0"/>
        <line num="3" count="1" type="stmt"/>
      </file>
    </package>
    <package name="src.components.Pagination">
      <metrics statements="2" coveredstatements="0" conditionals="0" coveredconditionals="0" methods="1" coveredmethods="0"/>
      <file name="Pagination.js" path="/home/mai/Documents/AssetsManagement/src/components/Pagination/Pagination.js">
        <metrics statements="2" coveredstatements="0" conditionals="0" coveredconditionals="0" methods="1" coveredmethods="0"/>
        <line num="6" count="0" type="stmt"/>
        <line num="7" count="0" type="stmt"/>
      </file>
      <file name="Pagination.style.js" path="/home/mai/Documents/AssetsManagement/src/components/Pagination/Pagination.style.js">
        <metrics statements="0" coveredstatements="0" conditionals="0" coveredconditionals="0" methods="0" coveredmethods="0"/>
      </file>
    </package>
    <package name="src.components.PhotoUpload">
      <metrics statements="15" coveredstatements="0" conditionals="7" coveredconditionals="0" methods="8" coveredmethods="0"/>
      <file name="PhotoUpload.js" path="/home/mai/Documents/AssetsManagement/src/components/PhotoUpload/PhotoUpload.js">
        <metrics statements="15" coveredstatements="0" conditionals="7" coveredconditionals="0" methods="8" coveredmethods="0"/>
        <line num="10" count="0" type="stmt"/>
        <line num="11" count="0" type="cond" truecount="0" falsecount="1"/>
        <line num="13" count="0" type="stmt"/>
        <line num="17" count="0" type="stmt"/>
        <line num="19" count="0" type="stmt"/>
        <line num="20" count="0" type="stmt"/>
        <line num="23" count="0" type="stmt"/>
        <line num="25" count="0" type="cond" truecount="0" falsecount="2"/>
        <line num="26" count="0" type="stmt"/>
        <line num="31" count="0" type="stmt"/>
        <line num="36" count="0" type="stmt"/>
        <line num="49" count="0" type="stmt"/>
        <line num="50" count="0" type="stmt"/>
        <line num="63" count="0" type="stmt"/>
        <line num="67" count="0" type="stmt"/>
      </file>
      <file name="PhotoUpload.styles.js" path="/home/mai/Documents/AssetsManagement/src/components/PhotoUpload/PhotoUpload.styles.js">
        <metrics statements="0" coveredstatements="0" conditionals="0" coveredconditionals="0" methods="0" coveredmethods="0"/>
      </file>
    </package>
    <package name="src.components.PhotoUploadRenew">
      <metrics statements="20" coveredstatements="0" conditionals="12" coveredconditionals="0" methods="7" coveredmethods="0"/>
      <file name="PhotoUpload.js" path="/home/mai/Documents/AssetsManagement/src/components/PhotoUploadRenew/PhotoUpload.js">
        <metrics statements="10" coveredstatements="0" conditionals="6" coveredconditionals="0" methods="5" coveredmethods="0"/>
        <line num="10" count="0" type="stmt"/>
        <line num="11" count="0" type="stmt"/>
        <line num="12" count="0" type="stmt"/>
        <line num="13" count="0" type="stmt"/>
        <line num="15" count="0" type="stmt"/>
        <line num="19" count="0" type="stmt"/>
        <line num="20" count="0" type="stmt"/>
        <line num="25" count="0" type="stmt"/>
        <line num="37" count="0" type="stmt"/>
        <line num="41" count="0" type="cond" truecount="0" falsecount="2"/>
      </file>
      <file name="PhotoUpload.styles.js" path="/home/mai/Documents/AssetsManagement/src/components/PhotoUploadRenew/PhotoUpload.styles.js">
        <metrics statements="10" coveredstatements="0" conditionals="6" coveredconditionals="0" methods="2" coveredmethods="0"/>
        <line num="3" count="0" type="stmt"/>
        <line num="4" count="0" type="cond" truecount="0" falsecount="2"/>
        <line num="5" count="0" type="stmt"/>
        <line num="7" count="0" type="cond" truecount="0" falsecount="2"/>
        <line num="8" count="0" type="stmt"/>
        <line num="10" count="0" type="cond" truecount="0" falsecount="2"/>
        <line num="11" count="0" type="stmt"/>
        <line num="13" count="0" type="stmt"/>
        <line num="16" count="0" type="stmt"/>
        <line num="25" count="0" type="stmt"/>
      </file>
    </package>
    <package name="src.components.StatusBorrow">
      <metrics statements="9" coveredstatements="0" conditionals="4" coveredconditionals="0" methods="2" coveredmethods="0"/>
      <file name="StatusBorrow.js" path="/home/mai/Documents/AssetsManagement/src/components/StatusBorrow/StatusBorrow.js">
        <metrics statements="9" coveredstatements="0" conditionals="4" coveredconditionals="0" methods="2" coveredmethods="0"/>
        <line num="5" count="0" type="stmt"/>
        <line num="23" count="0" type="stmt"/>
        <line num="24" count="0" type="stmt"/>
        <line num="25" count="0" type="cond" truecount="0" falsecount="4"/>
        <line num="27" count="0" type="stmt"/>
        <line num="29" count="0" type="stmt"/>
        <line num="31" count="0" type="stmt"/>
        <line num="33" count="0" type="stmt"/>
        <line num="37" count="0" type="stmt"/>
      </file>
    </package>
    <package name="src.components.TablePaginationData">
      <metrics statements="23" coveredstatements="18" conditionals="7" coveredconditionals="6" methods="7" coveredmethods="3"/>
      <file name="TablePaginationData.js" path="/home/mai/Documents/AssetsManagement/src/components/TablePaginationData/TablePaginationData.js">
        <metrics statements="22" coveredstatements="17" conditionals="7" coveredconditionals="6" methods="7" coveredmethods="3"/>
        <line num="8" count="1" type="stmt"/>
        <line num="9" count="4" type="stmt"/>
        <line num="10" count="4" type="stmt"/>
        <line num="12" count="4" type="stmt"/>
        <line num="14" count="4" type="stmt"/>
        <line num="15" count="4" type="stmt"/>
        <line num="16" count="4" type="stmt"/>
        <line num="17" count="4" type="stmt"/>
        <line num="19" count="4" type="stmt"/>
        <line num="20" count="0" type="stmt"/>
        <line num="21" count="0" type="stmt"/>
        <line num="23" count="4" type="stmt"/>
        <line num="24" count="0" type="stmt"/>
        <line num="27" count="4" type="stmt"/>
        <line num="28" count="2" type="stmt"/>
        <line num="29" count="2" type="stmt"/>
        <line num="30" count="2" type="stmt"/>
        <line num="31" count="2" type="stmt"/>
        <line num="34" count="4" type="stmt"/>
        <line num="51" count="32" type="stmt"/>
        <line num="67" count="0" type="stmt"/>
        <line num="69" count="0" type="stmt"/>
      </file>
      <file name="TablePaginationData.style.js" path="/home/mai/Documents/AssetsManagement/src/components/TablePaginationData/TablePaginationData.style.js">
        <metrics statements="1" coveredstatements="1" conditionals="0" coveredconditionals="0" methods="0" coveredmethods="0"/>
        <line num="3" count="1" type="stmt"/>
      </file>
    </package>
    <package name="src.components.header">
      <metrics statements="9" coveredstatements="0" conditionals="2" coveredconditionals="0" methods="5" coveredmethods="0"/>
      <file name="header.js" path="/home/mai/Documents/AssetsManagement/src/components/header/header.js">
        <metrics statements="9" coveredstatements="0" conditionals="2" coveredconditionals="0" methods="5" coveredmethods="0"/>
        <line num="13" count="0" type="stmt"/>
        <line num="14" count="0" type="stmt"/>
        <line num="15" count="0" type="stmt"/>
        <line num="16" count="0" type="stmt"/>
        <line num="17" count="0" type="stmt"/>
        <line num="20" count="0" type="stmt"/>
        <line num="23" count="0" type="stmt"/>
        <line num="27" count="0" type="stmt"/>
        <line num="48" count="0" type="stmt"/>
      </file>
    </package>
    <package name="src.components.menu">
      <metrics statements="2" coveredstatements="0" conditionals="6" coveredconditionals="0" methods="1" coveredmethods="0"/>
      <file name="menu.js" path="/home/mai/Documents/AssetsManagement/src/components/menu/menu.js">
        <metrics statements="2" coveredstatements="0" conditionals="6" coveredconditionals="0" methods="1" coveredmethods="0"/>
        <line num="9" count="0" type="stmt"/>
        <line num="11" count="0" type="stmt"/>
      </file>
    </package>
    <package name="src.components.multipleImageUpload">
      <metrics statements="9" coveredstatements="0" conditionals="2" coveredconditionals="0" methods="3" coveredmethods="0"/>
      <file name="multipleImageUpload.js" path="/home/mai/Documents/AssetsManagement/src/components/multipleImageUpload/multipleImageUpload.js">
        <metrics statements="9" coveredstatements="0" conditionals="2" coveredconditionals="0" methods="3" coveredmethods="0"/>
        <line num="5" count="0" type="stmt"/>
        <line num="6" count="0" type="stmt"/>
        <line num="8" count="0" type="stmt"/>
        <line num="9" count="0" type="stmt"/>
        <line num="10" count="0" type="stmt"/>
        <line num="11" count="0" type="stmt"/>
        <line num="14" count="0" type="stmt"/>
        <line num="15" count="0" type="stmt"/>
        <line num="18" count="0" type="stmt"/>
      </file>
    </package>
    <package name="src.containers.Categories">
      <metrics statements="20" coveredstatements="0" conditionals="8" coveredconditionals="0" methods="11" coveredmethods="0"/>
      <file name="Categories.js" path="/home/mai/Documents/AssetsManagement/src/containers/Categories/Categories.js">
        <metrics statements="19" coveredstatements="0" conditionals="8" coveredconditionals="0" methods="11" coveredmethods="0"/>
        <line num="14" count="0" type="stmt"/>
        <line num="15" count="0" type="stmt"/>
        <line num="17" count="0" type="stmt"/>
        <line num="19" count="0" type="stmt"/>
        <line num="23" count="0" type="stmt"/>
        <line num="27" count="0" type="stmt"/>
        <line num="28" count="0" type="cond" truecount="0" falsecount="4"/>
        <line num="29" count="0" type="stmt"/>
        <line num="37" count="0" type="stmt"/>
        <line num="49" count="0" type="stmt"/>
        <line num="58" count="0" type="stmt"/>
        <line num="60" count="0" type="stmt"/>
        <line num="61" count="0" type="stmt"/>
        <line num="64" count="0" type="stmt"/>
        <line num="105" count="0" type="stmt"/>
        <line num="106" count="0" type="stmt"/>
        <line num="108" count="0" type="stmt"/>
        <line num="125" count="0" type="cond" truecount="0" falsecount="2"/>
        <line num="126" count="0" type="cond" truecount="0" falsecount="2"/>
      </file>
      <file name="Categories.style.js" path="/home/mai/Documents/AssetsManagement/src/containers/Categories/Categories.style.js">
        <metrics statements="1" coveredstatements="0" conditionals="0" coveredconditionals="0" methods="0" coveredmethods="0"/>
        <line num="3" count="0" type="stmt"/>
      </file>
    </package>
    <package name="src.containers.Categories.ModalAddCategory">
      <metrics statements="6" coveredstatements="0" conditionals="18" coveredconditionals="0" methods="4" coveredmethods="0"/>
      <file name="ModalAddCategory.js" path="/home/mai/Documents/AssetsManagement/src/containers/Categories/ModalAddCategory/ModalAddCategory.js">
        <metrics statements="5" coveredstatements="0" conditionals="18" coveredconditionals="0" methods="4" coveredmethods="0"/>
        <line num="9" count="0" type="stmt"/>
        <line num="21" count="0" type="stmt"/>
        <line num="41" count="0" type="stmt"/>
        <line num="58" count="0" type="stmt"/>
        <line num="77" count="0" type="stmt"/>
      </file>
      <file name="ModalAddCategory.styles.js" path="/home/mai/Documents/AssetsManagement/src/containers/Categories/ModalAddCategory/ModalAddCategory.styles.js">
        <metrics statements="1" coveredstatements="0" conditionals="0" coveredconditionals="0" methods="0" coveredmethods="0"/>
        <line num="4" count="0" type="stmt"/>
      </file>
    </package>
    <package name="src.containers.DeliveryReports.DeliveryReportForm">
      <metrics statements="35" coveredstatements="0" conditionals="61" coveredconditionals="0" methods="13" coveredmethods="0"/>
      <file name="DeliveryReportForm.js" path="/home/mai/Documents/AssetsManagement/src/containers/DeliveryReports/DeliveryReportForm/DeliveryReportForm.js">
        <metrics statements="18" coveredstatements="0" conditionals="52" coveredconditionals="0" methods="7" coveredmethods="0"/>
        <line num="16" count="0" type="stmt"/>
        <line num="28" count="0" type="stmt"/>
        <line num="29" count="0" type="stmt"/>
        <line num="40" count="0" type="cond" truecount="0" falsecount="2"/>
        <line num="41" count="0" type="stmt"/>
        <line num="44" count="0" type="stmt"/>
        <line num="81" count="0" type="stmt"/>
        <line num="96" count="0" type="cond" truecount="0" falsecount="2"/>
        <line num="97" count="0" type="stmt"/>
        <line num="98" count="0" type="stmt"/>
        <line num="100" count="0" type="stmt"/>
        <line num="113" count="0" type="cond" truecount="0" falsecount="2"/>
        <line num="114" count="0" type="stmt"/>
        <line num="115" count="0" type="stmt"/>
        <line num="117" count="0" type="stmt"/>
        <line num="131" count="0" type="stmt"/>
        <line num="136" count="0" type="stmt"/>
        <line num="169" count="0" type="stmt"/>
      </file>
      <file name="DeliveryReportForm.styles.js" path="/home/mai/Documents/AssetsManagement/src/containers/DeliveryReports/DeliveryReportForm/DeliveryReportForm.styles.js">
        <metrics statements="1" coveredstatements="0" conditionals="0" coveredconditionals="0" methods="0" coveredmethods="0"/>
        <line num="3" count="0" type="stmt"/>
      </file>
      <file name="parseData.js" path="/home/mai/Documents/AssetsManagement/src/containers/DeliveryReports/DeliveryReportForm/parseData.js">
        <metrics statements="16" coveredstatements="0" conditionals="9" coveredconditionals="0" methods="6" coveredmethods="0"/>
        <line num="3" count="0" type="stmt"/>
        <line num="4" count="0" type="stmt"/>
        <line num="5" count="0" type="cond" truecount="0" falsecount="4"/>
        <line num="6" count="0" type="stmt"/>
        <line num="9" count="0" type="cond" truecount="0" falsecount="2"/>
        <line num="10" count="0" type="stmt"/>
        <line num="13" count="0" type="stmt"/>
        <line num="16" count="0" type="cond" truecount="0" falsecount="1"/>
        <line num="17" count="0" type="cond" truecount="0" falsecount="2"/>
        <line num="18" count="0" type="stmt"/>
        <line num="20" count="0" type="stmt"/>
        <line num="22" count="0" type="stmt"/>
        <line num="23" count="0" type="stmt"/>
        <line num="24" count="0" type="stmt"/>
        <line num="30" count="0" type="stmt"/>
        <line num="35" count="0" type="stmt"/>
      </file>
    </package>
    <package name="src.containers.DeliveryReports.DetailPage">
      <metrics statements="32" coveredstatements="0" conditionals="18" coveredconditionals="0" methods="13" coveredmethods="0"/>
      <file name="DetailPage.js" path="/home/mai/Documents/AssetsManagement/src/containers/DeliveryReports/DetailPage/DetailPage.js">
        <metrics statements="31" coveredstatements="0" conditionals="18" coveredconditionals="0" methods="13" coveredmethods="0"/>
        <line num="18" count="0" type="stmt"/>
        <line num="19" count="0" type="stmt"/>
        <line num="20" count="0" type="stmt"/>
        <line num="21" count="0" type="stmt"/>
        <line num="22" count="0" type="stmt"/>
        <line num="24" count="0" type="stmt"/>
        <line num="25" count="0" type="cond" truecount="0" falsecount="2"/>
        <line num="26" count="0" type="stmt"/>
        <line num="29" count="0" type="stmt"/>
        <line num="31" count="0" type="stmt"/>
        <line num="34" count="0" type="stmt"/>
        <line num="38" count="0" type="stmt"/>
        <line num="42" count="0" type="stmt"/>
        <line num="43" count="0" type="cond" truecount="0" falsecount="2"/>
        <line num="44" count="0" type="stmt"/>
        <line num="45" count="0" type="stmt"/>
        <line num="46" count="0" type="stmt"/>
        <line num="47" count="0" type="stmt"/>
        <line num="48" count="0" type="stmt"/>
        <line num="52" count="0" type="stmt"/>
        <line num="62" count="0" type="cond" truecount="0" falsecount="4"/>
        <line num="63" count="0" type="stmt"/>
        <line num="66" count="0" type="stmt"/>
        <line num="70" count="0" type="stmt"/>
        <line num="73" count="0" type="stmt"/>
        <line num="81" count="0" type="stmt"/>
        <line num="129" count="0" type="stmt"/>
        <line num="166" count="0" type="stmt"/>
        <line num="201" count="0" type="stmt"/>
        <line num="202" count="0" type="stmt"/>
        <line num="204" count="0" type="stmt"/>
      </file>
      <file name="DetailPage.styles.js" path="/home/mai/Documents/AssetsManagement/src/containers/DeliveryReports/DetailPage/DetailPage.styles.js">
        <metrics statements="1" coveredstatements="0" conditionals="0" coveredconditionals="0" methods="0" coveredmethods="0"/>
        <line num="3" count="0" type="stmt"/>
      </file>
    </package>
    <package name="src.containers.DeliveryReports.FormContainer">
      <metrics statements="31" coveredstatements="0" conditionals="32" coveredconditionals="0" methods="15" coveredmethods="0"/>
      <file name="FormContainer.js" path="/home/mai/Documents/AssetsManagement/src/containers/DeliveryReports/FormContainer/FormContainer.js">
        <metrics statements="16" coveredstatements="0" conditionals="24" coveredconditionals="0" methods="8" coveredmethods="0"/>
        <line num="11" count="0" type="stmt"/>
        <line num="12" count="0" type="stmt"/>
        <line num="13" count="0" type="cond" truecount="0" falsecount="4"/>
        <line num="14" count="0" type="stmt"/>
        <line num="16" count="0" type="stmt"/>
        <line num="22" count="0" type="stmt"/>
        <line num="23" count="0" type="cond" truecount="0" falsecount="4"/>
        <line num="24" count="0" type="stmt"/>
        <line num="26" count="0" type="stmt"/>
        <line num="29" count="0" type="stmt"/>
        <line num="30" count="0" type="stmt"/>
        <line num="36" count="0" type="cond" truecount="0" falsecount="2"/>
        <line num="45" count="0" type="stmt"/>
        <line num="47" count="0" type="stmt"/>
        <line num="49" count="0" type="stmt"/>
        <line num="52" count="0" type="stmt"/>
      </file>
      <file name="FormContainer.styles.js" path="/home/mai/Documents/AssetsManagement/src/containers/DeliveryReports/FormContainer/FormContainer.styles.js">
        <metrics statements="0" coveredstatements="0" conditionals="0" coveredconditionals="0" methods="0" coveredmethods="0"/>
      </file>
      <file name="deliveryReport.validate.js" path="/home/mai/Documents/AssetsManagement/src/containers/DeliveryReports/FormContainer/deliveryReport.validate.js">
        <metrics statements="15" coveredstatements="0" conditionals="8" coveredconditionals="0" methods="7" coveredmethods="0"/>
        <line num="4" count="0" type="stmt"/>
        <line num="5" count="0" type="stmt"/>
        <line num="7" count="0" type="cond" truecount="0" falsecount="2"/>
        <line num="9" count="0" type="stmt"/>
        <line num="15" count="0" type="cond" truecount="0" falsecount="2"/>
        <line num="17" count="0" type="stmt"/>
        <line num="18" count="0" type="cond" truecount="0" falsecount="2"/>
        <line num="20" count="0" type="stmt"/>
        <line num="23" count="0" type="stmt"/>
        <line num="27" count="0" type="stmt"/>
        <line num="36" count="0" type="stmt"/>
        <line num="39" count="0" type="stmt"/>
        <line num="42" count="0" type="stmt"/>
        <line num="43" count="0" type="cond" truecount="0" falsecount="2"/>
        <line num="44" count="0" type="stmt"/>
      </file>
    </package>
    <package name="src.containers.DeliveryReports.ListPage">
      <metrics statements="23" coveredstatements="0" conditionals="22" coveredconditionals="0" methods="12" coveredmethods="0"/>
      <file name="ListPage.js" path="/home/mai/Documents/AssetsManagement/src/containers/DeliveryReports/ListPage/ListPage.js">
        <metrics statements="22" coveredstatements="0" conditionals="22" coveredconditionals="0" methods="12" coveredmethods="0"/>
        <line num="18" count="0" type="stmt"/>
        <line num="19" count="0" type="stmt"/>
        <line num="21" count="0" type="stmt"/>
        <line num="23" count="0" type="stmt"/>
        <line num="25" count="0" type="stmt"/>
        <line num="26" count="0" type="cond" truecount="0" falsecount="2"/>
        <line num="32" count="0" type="stmt"/>
        <line num="37" count="0" type="cond" truecount="0" falsecount="2"/>
        <line num="38" count="0" type="cond" truecount="0" falsecount="2"/>
        <line num="40" count="0" type="cond" truecount="0" falsecount="2"/>
        <line num="41" count="0" type="stmt"/>
        <line num="44" count="0" type="stmt"/>
        <line num="47" count="0" type="stmt"/>
        <line num="48" count="0" type="cond" truecount="0" falsecount="2"/>
        <line num="49" count="0" type="stmt"/>
        <line num="55" count="0" type="stmt"/>
        <line num="59" count="0" type="stmt"/>
        <line num="63" count="0" type="stmt"/>
        <line num="69" count="0" type="stmt"/>
        <line num="76" count="0" type="stmt"/>
        <line num="83" count="0" type="stmt"/>
        <line num="96" count="0" type="stmt"/>
      </file>
      <file name="ListPage.styles.js" path="/home/mai/Documents/AssetsManagement/src/containers/DeliveryReports/ListPage/ListPage.styles.js">
        <metrics statements="1" coveredstatements="0" conditionals="0" coveredconditionals="0" methods="0" coveredmethods="0"/>
        <line num="3" count="0" type="stmt"/>
      </file>
    </package>
    <package name="src.containers.DeliveryReports.Printer">
      <metrics statements="2" coveredstatements="0" conditionals="0" coveredconditionals="0" methods="2" coveredmethods="0"/>
      <file name="genHtmlTemplate.js" path="/home/mai/Documents/AssetsManagement/src/containers/DeliveryReports/Printer/genHtmlTemplate.js">
        <metrics statements="2" coveredstatements="0" conditionals="0" coveredconditionals="0" methods="2" coveredmethods="0"/>
        <line num="1" count="0" type="stmt"/>
        <line num="157" count="0" type="stmt"/>
      </file>
    </package>
    <package name="src.containers.Item.FormContainer">
      <metrics statements="8" coveredstatements="0" conditionals="23" coveredconditionals="0" methods="3" coveredmethods="0"/>
      <file name="FormContainer.js" path="/home/mai/Documents/AssetsManagement/src/containers/Item/FormContainer/FormContainer.js">
        <metrics statements="7" coveredstatements="0" conditionals="23" coveredconditionals="0" methods="3" coveredmethods="0"/>
        <line num="11" count="0" type="stmt"/>
        <line num="12" count="0" type="stmt"/>
        <line num="13" count="0" type="stmt"/>
        <line num="29" count="0" type="stmt"/>
        <line num="39" count="0" type="stmt"/>
        <line num="41" count="0" type="stmt"/>
        <line num="44" count="0" type="stmt"/>
      </file>
      <file name="FormContainer.style.js" path="/home/mai/Documents/AssetsManagement/src/containers/Item/FormContainer/FormContainer.style.js">
        <metrics statements="1" coveredstatements="0" conditionals="0" coveredconditionals="0" methods="0" coveredmethods="0"/>
        <line num="3" count="0" type="stmt"/>
      </file>
    </package>
    <package name="src.containers.Item.ItemDetailPage">
      <metrics statements="23" coveredstatements="0" conditionals="15" coveredconditionals="0" methods="8" coveredmethods="0"/>
      <file name="ItemDetail.js" path="/home/mai/Documents/AssetsManagement/src/containers/Item/ItemDetailPage/ItemDetail.js">
        <metrics statements="22" coveredstatements="0" conditionals="15" coveredconditionals="0" methods="8" coveredmethods="0"/>
        <line num="18" count="0" type="stmt"/>
        <line num="19" count="0" type="stmt"/>
        <line num="20" count="0" type="stmt"/>
        <line num="22" count="0" type="stmt"/>
        <line num="23" count="0" type="stmt"/>
        <line num="25" count="0" type="stmt"/>
        <line num="27" count="0" type="stmt"/>
        <line num="31" count="0" type="stmt"/>
        <line num="35" count="0" type="stmt"/>
        <line num="46" count="0" type="stmt"/>
        <line num="47" count="0" type="cond" truecount="0" falsecount="4"/>
        <line num="49" count="0" type="stmt"/>
        <line num="52" count="0" type="cond" truecount="0" falsecount="2"/>
        <line num="53" count="0" type="stmt"/>
        <line num="58" count="0" type="cond" truecount="0" falsecount="2"/>
        <line num="59" count="0" type="stmt"/>
        <line num="62" count="0" type="stmt"/>
        <line num="68" count="0" type="stmt"/>
        <line num="75" count="0" type="stmt"/>
        <line num="144" count="0" type="stmt"/>
        <line num="145" count="0" type="stmt"/>
        <line num="147" count="0" type="stmt"/>
      </file>
      <file name="ItemDetail.style.js" path="/home/mai/Documents/AssetsManagement/src/containers/Item/ItemDetailPage/ItemDetail.style.js">
        <metrics statements="1" coveredstatements="0" conditionals="0" coveredconditionals="0" methods="0" coveredmethods="0"/>
        <line num="3" count="0" type="stmt"/>
      </file>
    </package>
    <package name="src.containers.Item.ItemEdit">
      <metrics statements="37" coveredstatements="0" conditionals="141" coveredconditionals="0" methods="20" coveredmethods="0"/>
      <file name="ItemEdit.js" path="/home/mai/Documents/AssetsManagement/src/containers/Item/ItemEdit/ItemEdit.js">
        <metrics statements="17" coveredstatements="0" conditionals="80" coveredconditionals="0" methods="9" coveredmethods="0"/>
        <line num="13" count="0" type="stmt"/>
        <line num="14" count="0" type="stmt"/>
        <line num="16" count="0" type="stmt"/>
        <line num="27" count="0" type="cond" truecount="0" falsecount="2"/>
        <line num="28" count="0" type="stmt"/>
        <line num="31" count="0" type="stmt"/>
        <line num="44" count="0" type="cond" truecount="0" falsecount="2"/>
        <line num="58" count="0" type="stmt"/>
        <line num="73" count="0" type="cond" truecount="0" falsecount="2"/>
        <line num="74" count="0" type="stmt"/>
        <line num="75" count="0" type="stmt"/>
        <line num="77" count="0" type="stmt"/>
        <line num="88" count="0" type="cond" truecount="0" falsecount="2"/>
        <line num="104" count="0" type="cond" truecount="0" falsecount="2"/>
        <line num="112" count="0" type="cond" truecount="0" falsecount="2"/>
        <line num="122" count="0" type="cond" truecount="0" falsecount="2"/>
        <line num="137" count="0" type="cond" truecount="0" falsecount="2"/>
      </file>
      <file name="ItemEdit.style.js" path="/home/mai/Documents/AssetsManagement/src/containers/Item/ItemEdit/ItemEdit.style.js">
        <metrics statements="1" coveredstatements="0" conditionals="0" coveredconditionals="0" methods="0" coveredmethods="0"/>
        <line num="3" count="0" type="stmt"/>
      </file>
      <file name="ItemEditRenew.js" path="/home/mai/Documents/AssetsManagement/src/containers/Item/ItemEdit/ItemEditRenew.js">
        <metrics statements="19" coveredstatements="0" conditionals="61" coveredconditionals="0" methods="11" coveredmethods="0"/>
        <line num="14" count="0" type="stmt"/>
        <line num="25" count="0" type="stmt"/>
        <line num="27" count="0" type="stmt"/>
        <line num="38" count="0" type="cond" truecount="0" falsecount="2"/>
        <line num="39" count="0" type="stmt"/>
        <line num="42" count="0" type="stmt"/>
        <line num="80" count="0" type="stmt"/>
        <line num="97" count="0" type="stmt"/>
        <line num="116" count="0" type="stmt"/>
        <line num="130" count="0" type="stmt"/>
        <line num="138" count="0" type="stmt"/>
        <line num="152" count="0" type="cond" truecount="0" falsecount="2"/>
        <line num="153" count="0" type="stmt"/>
        <line num="154" count="0" type="stmt"/>
        <line num="156" count="0" type="stmt"/>
        <line num="196" count="0" type="stmt"/>
        <line num="213" count="0" type="stmt"/>
        <line num="231" count="0" type="stmt"/>
        <line num="253" count="0" type="stmt"/>
      </file>
    </package>
    <package name="src.containers.Item.ItemEditPage">
      <metrics statements="6" coveredstatements="0" conditionals="2" coveredconditionals="0" methods="1" coveredmethods="0"/>
      <file name="ItemEditPage.js" path="/home/mai/Documents/AssetsManagement/src/containers/Item/ItemEditPage/ItemEditPage.js">
        <metrics statements="6" coveredstatements="0" conditionals="2" coveredconditionals="0" methods="1" coveredmethods="0"/>
        <line num="8" count="0" type="stmt"/>
        <line num="9" count="0" type="stmt"/>
        <line num="11" count="0" type="stmt"/>
        <line num="13" count="0" type="cond" truecount="0" falsecount="2"/>
        <line num="14" count="0" type="stmt"/>
        <line num="16" count="0" type="stmt"/>
      </file>
    </package>
    <package name="src.containers.Item.ItemListPage">
      <metrics statements="30" coveredstatements="19" conditionals="24" coveredconditionals="16" methods="16" coveredmethods="4"/>
      <file name="ItemList.js" path="/home/mai/Documents/AssetsManagement/src/containers/Item/ItemListPage/ItemList.js">
        <metrics statements="29" coveredstatements="18" conditionals="24" coveredconditionals="16" methods="16" coveredmethods="4"/>
        <line num="20" count="6" type="stmt"/>
        <line num="22" count="6" type="stmt"/>
        <line num="23" count="6" type="stmt"/>
        <line num="24" count="6" type="stmt"/>
        <line num="26" count="6" type="stmt"/>
        <line num="27" count="6" type="stmt"/>
        <line num="29" count="6" type="stmt"/>
        <line num="30" count="2" type="cond" truecount="2" falsecount="0"/>
        <line num="35" count="2" type="stmt"/>
        <line num="40" count="2" type="cond" truecount="2" falsecount="0"/>
        <line num="41" count="2" type="cond" truecount="2" falsecount="0"/>
        <line num="43" count="2" type="cond" truecount="1" falsecount="1"/>
        <line num="44" count="0" type="stmt"/>
        <line num="47" count="2" type="stmt"/>
        <line num="50" count="6" type="stmt"/>
        <line num="51" count="2" type="cond" truecount="1" falsecount="1"/>
        <line num="52" count="2" type="stmt"/>
        <line num="53" count="0" type="stmt"/>
        <line num="70" count="0" type="stmt"/>
        <line num="75" count="6" type="stmt"/>
        <line num="82" count="0" type="stmt"/>
        <line num="89" count="0" type="stmt"/>
        <line num="96" count="0" type="stmt"/>
        <line num="103" count="0" type="stmt"/>
        <line num="112" count="0" type="stmt"/>
        <line num="116" count="0" type="stmt"/>
        <line num="120" count="0" type="stmt"/>
        <line num="165" count="0" type="cond" truecount="1" falsecount="1"/>
        <line num="170" count="8" type="stmt"/>
      </file>
      <file name="ItemList.style.js" path="/home/mai/Documents/AssetsManagement/src/containers/Item/ItemListPage/ItemList.style.js">
        <metrics statements="1" coveredstatements="1" conditionals="0" coveredconditionals="0" methods="0" coveredmethods="0"/>
        <line num="3" count="1" type="stmt"/>
      </file>
    </package>
    <package name="src.containers.Login">
      <metrics statements="14" coveredstatements="0" conditionals="6" coveredconditionals="0" methods="6" coveredmethods="0"/>
      <file name="Login.js" path="/home/mai/Documents/AssetsManagement/src/containers/Login/Login.js">
        <metrics statements="11" coveredstatements="0" conditionals="0" coveredconditionals="0" methods="5" coveredmethods="0"/>
        <line num="9" count="0" type="stmt"/>
        <line num="10" count="0" type="stmt"/>
        <line num="11" count="0" type="stmt"/>
        <line num="13" count="0" type="stmt"/>
        <line num="15" count="0" type="stmt"/>
        <line num="16" count="0" type="stmt"/>
        <line num="19" count="0" type="stmt"/>
        <line num="22" count="0" type="stmt"/>
        <line num="28" count="0" type="stmt"/>
        <line num="33" count="0" type="stmt"/>
        <line num="40" count="0" type="stmt"/>
      </file>
      <file name="Login.styles.js" path="/home/mai/Documents/AssetsManagement/src/containers/Login/Login.styles.js">
        <metrics statements="0" coveredstatements="0" conditionals="0" coveredconditionals="0" methods="0" coveredmethods="0"/>
      </file>
      <file name="LoginForm.js" path="/home/mai/Documents/AssetsManagement/src/containers/Login/LoginForm.js">
        <metrics statements="3" coveredstatements="0" conditionals="6" coveredconditionals="0" methods="1" coveredmethods="0"/>
        <line num="10" count="0" type="stmt"/>
        <line num="11" count="0" type="stmt"/>
        <line num="13" count="0" type="stmt"/>
      </file>
    </package>
    <package name="src.contexts.DeliveryReportContext">
      <metrics statements="18" coveredstatements="0" conditionals="10" coveredconditionals="0" methods="5" coveredmethods="0"/>
      <file name="Context.js" path="/home/mai/Documents/AssetsManagement/src/contexts/DeliveryReportContext/Context.js">
        <metrics statements="1" coveredstatements="0" conditionals="0" coveredconditionals="0" methods="0" coveredmethods="0"/>
        <line num="3" count="0" type="stmt"/>
      </file>
      <file name="Provider.js" path="/home/mai/Documents/AssetsManagement/src/contexts/DeliveryReportContext/Provider.js">
        <metrics statements="17" coveredstatements="0" conditionals="10" coveredconditionals="0" methods="5" coveredmethods="0"/>
        <line num="6" count="0" type="stmt"/>
        <line num="7" count="0" type="stmt"/>
        <line num="8" count="0" type="stmt"/>
        <line num="10" count="0" type="stmt"/>
        <line num="11" count="0" type="cond" truecount="0" falsecount="4"/>
        <line num="12" count="0" type="stmt"/>
        <line num="15" count="0" type="cond" truecount="0" falsecount="4"/>
        <line num="16" count="0" type="stmt"/>
        <line num="18" count="0" type="stmt"/>
        <line num="19" count="0" type="stmt"/>
        <line num="21" count="0" type="stmt"/>
        <line num="22" count="0" type="stmt"/>
        <line num="23" count="0" type="stmt"/>
        <line num="25" count="0" type="stmt"/>
        <line num="26" count="0" type="stmt"/>
        <line num="29" count="0" type="stmt"/>
        <line num="32" count="0" type="stmt"/>
      </file>
    </package>
    <package name="src.hooks">
      <metrics statements="280" coveredstatements="4" conditionals="31" coveredconditionals="0" methods="105" coveredmethods="0"/>
      <file name="useAlert.js" path="/home/mai/Documents/AssetsManagement/src/hooks/useAlert.js">
        <metrics statements="1" coveredstatements="1" conditionals="0" coveredconditionals="0" methods="0" coveredmethods="0"/>
        <line num="5" count="1" type="stmt"/>
      </file>
      <file name="useCreateAndUpdateAsset.js" path="/home/mai/Documents/AssetsManagement/src/hooks/useCreateAndUpdateAsset.js">
        <metrics statements="21" coveredstatements="0" conditionals="2" coveredconditionals="0" methods="8" coveredmethods="0"/>
        <line num="8" count="0" type="stmt"/>
        <line num="9" count="0" type="stmt"/>
        <line num="10" count="0" type="stmt"/>
        <line num="12" count="0" type="stmt"/>
        <line num="14" count="0" type="stmt"/>
        <line num="16" count="0" type="stmt"/>
        <line num="21" count="0" type="cond" truecount="0" falsecount="2"/>
        <line num="22" count="0" type="stmt"/>
        <line num="26" count="0" type="stmt"/>
        <line num="27" count="0" type="stmt"/>
        <line num="30" count="0" type="stmt"/>
        <line num="33" count="0" type="stmt"/>
        <line num="34" count="0" type="stmt"/>
        <line num="36" count="0" type="stmt"/>
        <line num="38" count="0" type="stmt"/>
        <line num="41" count="0" type="stmt"/>
        <line num="42" count="0" type="stmt"/>
        <line num="45" count="0" type="stmt"/>
        <line num="48" count="0" type="stmt"/>
        <line num="49" count="0" type="stmt"/>
        <line num="55" count="0" type="stmt"/>
      </file>
      <file name="useCreateAndUpdateOrder.js" path="/home/mai/Documents/AssetsManagement/src/hooks/useCreateAndUpdateOrder.js">
        <metrics statements="37" coveredstatements="0" conditionals="4" coveredconditionals="0" methods="19" coveredmethods="0"/>
        <line num="11" count="0" type="stmt"/>
        <line num="12" count="0" type="stmt"/>
        <line num="13" count="0" type="stmt"/>
        <line num="15" count="0" type="stmt"/>
        <line num="17" count="0" type="stmt"/>
        <line num="18" count="0" type="stmt"/>
        <line num="20" count="0" type="stmt"/>
        <line num="24" count="0" type="stmt"/>
        <line num="25" count="0" type="stmt"/>
        <line num="27" count="0" type="stmt"/>
        <line num="35" count="0" type="cond" truecount="0" falsecount="2"/>
        <line num="36" count="0" type="stmt"/>
        <line num="37" count="0" type="cond" truecount="0" falsecount="2"/>
        <line num="38" count="0" type="stmt"/>
        <line num="40" count="0" type="stmt"/>
        <line num="44" count="0" type="stmt"/>
        <line num="45" count="0" type="stmt"/>
        <line num="50" count="0" type="stmt"/>
        <line num="53" count="0" type="stmt"/>
        <line num="54" count="0" type="stmt"/>
        <line num="59" count="0" type="stmt"/>
        <line num="62" count="0" type="stmt"/>
        <line num="63" count="0" type="stmt"/>
        <line num="66" count="0" type="stmt"/>
        <line num="69" count="0" type="stmt"/>
        <line num="70" count="0" type="stmt"/>
        <line num="72" count="0" type="stmt"/>
        <line num="75" count="0" type="stmt"/>
        <line num="78" count="0" type="stmt"/>
        <line num="79" count="0" type="stmt"/>
        <line num="84" count="0" type="stmt"/>
        <line num="87" count="0" type="stmt"/>
        <line num="88" count="0" type="stmt"/>
        <line num="91" count="0" type="stmt"/>
        <line num="94" count="0" type="stmt"/>
        <line num="95" count="0" type="stmt"/>
        <line num="101" count="0" type="stmt"/>
      </file>
      <file name="useCustomQuery.js" path="/home/mai/Documents/AssetsManagement/src/hooks/useCustomQuery.js">
        <metrics statements="20" coveredstatements="0" conditionals="1" coveredconditionals="0" methods="6" coveredmethods="0"/>
        <line num="5" count="0" type="cond" truecount="0" falsecount="1"/>
        <line num="6" count="0" type="stmt"/>
        <line num="7" count="0" type="stmt"/>
        <line num="8" count="0" type="stmt"/>
        <line num="9" count="0" type="stmt"/>
        <line num="11" count="0" type="stmt"/>
        <line num="12" count="0" type="stmt"/>
        <line num="13" count="0" type="stmt"/>
        <line num="15" count="0" type="stmt"/>
        <line num="19" count="0" type="stmt"/>
        <line num="20" count="0" type="stmt"/>
        <line num="21" count="0" type="stmt"/>
        <line num="23" count="0" type="stmt"/>
        <line num="24" count="0" type="stmt"/>
        <line num="25" count="0" type="stmt"/>
        <line num="26" count="0" type="stmt"/>
        <line num="29" count="0" type="stmt"/>
        <line num="33" count="0" type="stmt"/>
        <line num="34" count="0" type="stmt"/>
        <line num="37" count="0" type="stmt"/>
      </file>
      <file name="useDelete.js" path="/home/mai/Documents/AssetsManagement/src/hooks/useDelete.js">
        <metrics statements="9" coveredstatements="0" conditionals="2" coveredconditionals="0" methods="4" coveredmethods="0"/>
        <line num="7" count="0" type="stmt"/>
        <line num="8" count="0" type="stmt"/>
        <line num="10" count="0" type="stmt"/>
        <line num="12" count="0" type="stmt"/>
        <line num="13" count="0" type="stmt"/>
        <line num="16" count="0" type="stmt"/>
        <line num="17" count="0" type="cond" truecount="0" falsecount="2"/>
        <line num="20" count="0" type="stmt"/>
        <line num="24" count="0" type="stmt"/>
      </file>
      <file name="useDeleteAsset.js" path="/home/mai/Documents/AssetsManagement/src/hooks/useDeleteAsset.js">
        <metrics statements="12" coveredstatements="0" conditionals="4" coveredconditionals="0" methods="4" coveredmethods="0"/>
        <line num="8" count="0" type="stmt"/>
        <line num="9" count="0" type="stmt"/>
        <line num="11" count="0" type="stmt"/>
        <line num="13" count="0" type="stmt"/>
        <line num="14" count="0" type="cond" truecount="0" falsecount="2"/>
        <line num="15" count="0" type="stmt"/>
        <line num="16" count="0" type="stmt"/>
        <line num="18" count="0" type="stmt"/>
        <line num="21" count="0" type="stmt"/>
        <line num="22" count="0" type="cond" truecount="0" falsecount="2"/>
        <line num="25" count="0" type="stmt"/>
        <line num="29" count="0" type="stmt"/>
      </file>
      <file name="useDeleteDeliveryReport.js" path="/home/mai/Documents/AssetsManagement/src/hooks/useDeleteDeliveryReport.js">
        <metrics statements="15" coveredstatements="0" conditionals="4" coveredconditionals="0" methods="7" coveredmethods="0"/>
        <line num="8" count="0" type="stmt"/>
        <line num="9" count="0" type="stmt"/>
        <line num="10" count="0" type="stmt"/>
        <line num="12" count="0" type="stmt"/>
        <line num="14" count="0" type="stmt"/>
        <line num="15" count="0" type="stmt"/>
        <line num="19" count="0" type="stmt"/>
        <line num="22" count="0" type="stmt"/>
        <line num="23" count="0" type="stmt"/>
        <line num="28" count="0" type="stmt"/>
        <line num="32" count="0" type="cond" truecount="0" falsecount="2"/>
        <line num="33" count="0" type="stmt"/>
        <line num="35" count="0" type="cond" truecount="0" falsecount="2"/>
        <line num="36" count="0" type="stmt"/>
        <line num="40" count="0" type="stmt"/>
      </file>
      <file name="useDeleteFile.js" path="/home/mai/Documents/AssetsManagement/src/hooks/useDeleteFile.js">
        <metrics statements="12" coveredstatements="0" conditionals="1" coveredconditionals="0" methods="5" coveredmethods="0"/>
        <line num="8" count="0" type="stmt"/>
        <line num="9" count="0" type="cond" truecount="0" falsecount="1"/>
        <line num="10" count="0" type="stmt"/>
        <line num="12" count="0" type="stmt"/>
        <line num="14" count="0" type="stmt"/>
        <line num="15" count="0" type="stmt"/>
        <line num="17" count="0" type="stmt"/>
        <line num="20" count="0" type="stmt"/>
        <line num="21" count="0" type="stmt"/>
        <line num="24" count="0" type="stmt"/>
        <line num="25" count="0" type="stmt"/>
        <line num="31" count="0" type="stmt"/>
      </file>
      <file name="useDeleteImage.js" path="/home/mai/Documents/AssetsManagement/src/hooks/useDeleteImage.js">
        <metrics statements="12" coveredstatements="0" conditionals="1" coveredconditionals="0" methods="5" coveredmethods="0"/>
        <line num="8" count="0" type="stmt"/>
        <line num="9" count="0" type="cond" truecount="0" falsecount="1"/>
        <line num="10" count="0" type="stmt"/>
        <line num="12" count="0" type="stmt"/>
        <line num="14" count="0" type="stmt"/>
        <line num="16" count="0" type="stmt"/>
        <line num="18" count="0" type="stmt"/>
        <line num="21" count="0" type="stmt"/>
        <line num="22" count="0" type="stmt"/>
        <line num="25" count="0" type="stmt"/>
        <line num="26" count="0" type="stmt"/>
        <line num="32" count="0" type="stmt"/>
      </file>
      <file name="useGetDeepOrders.js" path="/home/mai/Documents/AssetsManagement/src/hooks/useGetDeepOrders.js">
        <metrics statements="31" coveredstatements="0" conditionals="1" coveredconditionals="0" methods="9" coveredmethods="0"/>
        <line num="5" count="0" type="cond" truecount="0" falsecount="1"/>
        <line num="6" count="0" type="stmt"/>
        <line num="7" count="0" type="stmt"/>
        <line num="8" count="0" type="stmt"/>
        <line num="9" count="0" type="stmt"/>
        <line num="10" count="0" type="stmt"/>
        <line num="11" count="0" type="stmt"/>
        <line num="13" count="0" type="stmt"/>
        <line num="14" count="0" type="stmt"/>
        <line num="16" count="0" type="stmt"/>
        <line num="17" count="0" type="stmt"/>
        <line num="18" count="0" type="stmt"/>
        <line num="19" count="0" type="stmt"/>
        <line num="21" count="0" type="stmt"/>
        <line num="22" count="0" type="stmt"/>
        <line num="25" count="0" type="stmt"/>
        <line num="26" count="0" type="stmt"/>
        <line num="27" count="0" type="stmt"/>
        <line num="28" count="0" type="stmt"/>
        <line num="30" count="0" type="stmt"/>
        <line num="31" count="0" type="stmt"/>
        <line num="34" count="0" type="stmt"/>
        <line num="35" count="0" type="stmt"/>
        <line num="36" count="0" type="stmt"/>
        <line num="37" count="0" type="stmt"/>
        <line num="39" count="0" type="stmt"/>
        <line num="40" count="0" type="stmt"/>
        <line num="41" count="0" type="stmt"/>
        <line num="45" count="0" type="stmt"/>
        <line num="46" count="0" type="stmt"/>
        <line num="49" count="0" type="stmt"/>
      </file>
      <file name="useGetDetail.js" path="/home/mai/Documents/AssetsManagement/src/hooks/useGetDetail.js">
        <metrics statements="12" coveredstatements="0" conditionals="1" coveredconditionals="0" methods="4" coveredmethods="0"/>
        <line num="5" count="0" type="cond" truecount="0" falsecount="1"/>
        <line num="6" count="0" type="stmt"/>
        <line num="7" count="0" type="stmt"/>
        <line num="8" count="0" type="stmt"/>
        <line num="10" count="0" type="stmt"/>
        <line num="11" count="0" type="stmt"/>
        <line num="13" count="0" type="stmt"/>
        <line num="16" count="0" type="stmt"/>
        <line num="17" count="0" type="stmt"/>
        <line num="21" count="0" type="stmt"/>
        <line num="22" count="0" type="stmt"/>
        <line num="25" count="0" type="stmt"/>
      </file>
      <file name="useGetDetailReport.js" path="/home/mai/Documents/AssetsManagement/src/hooks/useGetDetailReport.js">
        <metrics statements="21" coveredstatements="0" conditionals="1" coveredconditionals="0" methods="7" coveredmethods="0"/>
        <line num="5" count="0" type="cond" truecount="0" falsecount="1"/>
        <line num="6" count="0" type="stmt"/>
        <line num="7" count="0" type="stmt"/>
        <line num="8" count="0" type="stmt"/>
        <line num="9" count="0" type="stmt"/>
        <line num="11" count="0" type="stmt"/>
        <line num="12" count="0" type="stmt"/>
        <line num="14" count="0" type="stmt"/>
        <line num="15" count="0" type="stmt"/>
        <line num="17" count="0" type="stmt"/>
        <line num="21" count="0" type="stmt"/>
        <line num="22" count="0" type="stmt"/>
        <line num="24" count="0" type="stmt"/>
        <line num="27" count="0" type="stmt"/>
        <line num="28" count="0" type="stmt"/>
        <line num="31" count="0" type="stmt"/>
        <line num="32" count="0" type="stmt"/>
        <line num="35" count="0" type="stmt"/>
        <line num="39" count="0" type="stmt"/>
        <line num="40" count="0" type="stmt"/>
        <line num="43" count="0" type="stmt"/>
      </file>
      <file name="useImportFile.js" path="/home/mai/Documents/AssetsManagement/src/hooks/useImportFile.js">
        <metrics statements="9" coveredstatements="1" conditionals="2" coveredconditionals="0" methods="5" coveredmethods="0"/>
        <line num="7" count="1" type="stmt"/>
        <line num="8" count="0" type="stmt"/>
        <line num="10" count="0" type="stmt"/>
        <line num="12" count="0" type="stmt"/>
        <line num="13" count="0" type="stmt"/>
        <line num="20" count="0" type="stmt"/>
        <line num="23" count="0" type="cond" truecount="0" falsecount="2"/>
        <line num="24" count="0" type="stmt"/>
        <line num="29" count="0" type="stmt"/>
      </file>
      <file name="useQuery.js" path="/home/mai/Documents/AssetsManagement/src/hooks/useQuery.js">
        <metrics statements="17" coveredstatements="1" conditionals="1" coveredconditionals="0" methods="5" coveredmethods="0"/>
        <line num="5" count="1" type="cond" truecount="0" falsecount="1"/>
        <line num="6" count="0" type="stmt"/>
        <line num="7" count="0" type="stmt"/>
        <line num="8" count="0" type="stmt"/>
        <line num="9" count="0" type="stmt"/>
        <line num="11" count="0" type="stmt"/>
        <line num="12" count="0" type="stmt"/>
        <line num="14" count="0" type="stmt"/>
        <line num="15" count="0" type="stmt"/>
        <line num="16" count="0" type="stmt"/>
        <line num="17" count="0" type="stmt"/>
        <line num="19" count="0" type="stmt"/>
        <line num="20" count="0" type="stmt"/>
        <line num="21" count="0" type="stmt"/>
        <line num="25" count="0" type="stmt"/>
        <line num="26" count="0" type="stmt"/>
        <line num="29" count="0" type="stmt"/>
      </file>
      <file name="useQueryAssets.js" path="/home/mai/Documents/AssetsManagement/src/hooks/useQueryAssets.js">
        <metrics statements="17" coveredstatements="1" conditionals="1" coveredconditionals="0" methods="5" coveredmethods="0"/>
        <line num="5" count="1" type="cond" truecount="0" falsecount="1"/>
        <line num="6" count="0" type="stmt"/>
        <line num="7" count="0" type="stmt"/>
        <line num="8" count="0" type="stmt"/>
        <line num="9" count="0" type="stmt"/>
        <line num="11" count="0" type="stmt"/>
        <line num="12" count="0" type="stmt"/>
        <line num="14" count="0" type="stmt"/>
        <line num="17" count="0" type="stmt"/>
        <line num="18" count="0" type="stmt"/>
        <line num="19" count="0" type="stmt"/>
        <line num="21" count="0" type="stmt"/>
        <line num="22" count="0" type="stmt"/>
        <line num="23" count="0" type="stmt"/>
        <line num="27" count="0" type="stmt"/>
        <line num="28" count="0" type="stmt"/>
        <line num="31" count="0" type="stmt"/>
      </file>
      <file name="useUploadFiles.js" path="/home/mai/Documents/AssetsManagement/src/hooks/useUploadFiles.js">
        <metrics statements="18" coveredstatements="0" conditionals="2" coveredconditionals="0" methods="6" coveredmethods="0"/>
        <line num="10" count="0" type="stmt"/>
        <line num="11" count="0" type="stmt"/>
        <line num="12" count="0" type="stmt"/>
        <line num="14" count="0" type="stmt"/>
        <line num="16" count="0" type="stmt"/>
        <line num="17" count="0" type="stmt"/>
        <line num="18" count="0" type="stmt"/>
        <line num="22" count="0" type="stmt"/>
        <line num="24" count="0" type="stmt"/>
        <line num="26" count="0" type="stmt"/>
        <line num="29" count="0" type="stmt"/>
        <line num="30" count="0" type="stmt"/>
        <line num="33" count="0" type="cond" truecount="0" falsecount="2"/>
        <line num="36" count="0" type="stmt"/>
        <line num="37" count="0" type="stmt"/>
        <line num="38" count="0" type="stmt"/>
        <line num="39" count="0" type="stmt"/>
        <line num="47" count="0" type="stmt"/>
      </file>
      <file name="useUploadImage.js" path="/home/mai/Documents/AssetsManagement/src/hooks/useUploadImage.js">
        <metrics statements="16" coveredstatements="0" conditionals="3" coveredconditionals="0" methods="6" coveredmethods="0"/>
        <line num="8" count="0" type="stmt"/>
        <line num="9" count="0" type="cond" truecount="0" falsecount="1"/>
        <line num="10" count="0" type="stmt"/>
        <line num="12" count="0" type="stmt"/>
        <line num="14" count="0" type="stmt"/>
        <line num="15" count="0" type="stmt"/>
        <line num="19" count="0" type="stmt"/>
        <line num="21" count="0" type="stmt"/>
        <line num="23" count="0" type="stmt"/>
        <line num="26" count="0" type="stmt"/>
        <line num="29" count="0" type="cond" truecount="0" falsecount="2"/>
        <line num="30" count="0" type="stmt"/>
        <line num="33" count="0" type="stmt"/>
        <line num="34" count="0" type="stmt"/>
        <line num="36" count="0" type="stmt"/>
        <line num="43" count="0" type="stmt"/>
      </file>
      <file name="useUploadPhoto.js" path="/home/mai/Documents/AssetsManagement/src/hooks/useUploadPhoto.js">
        <metrics statements="0" coveredstatements="0" conditionals="0" coveredconditionals="0" methods="0" coveredmethods="0"/>
      </file>
    </package>
    <package name="src.utils">
      <metrics statements="58" coveredstatements="23" conditionals="18" coveredconditionals="0" methods="16" coveredmethods="0"/>
      <file name="constant.js" path="/home/mai/Documents/AssetsManagement/src/utils/constant.js">
        <metrics statements="16" coveredstatements="16" conditionals="0" coveredconditionals="0" methods="0" coveredmethods="0"/>
        <line num="1" count="1" type="stmt"/>
        <line num="2" count="1" type="stmt"/>
        <line num="3" count="1" type="stmt"/>
        <line num="4" count="1" type="stmt"/>
        <line num="5" count="1" type="stmt"/>
        <line num="6" count="1" type="stmt"/>
        <line num="8" count="1" type="stmt"/>
        <line num="9" count="1" type="stmt"/>
        <line num="10" count="1" type="stmt"/>
        <line num="11" count="1" type="stmt"/>
        <line num="12" count="1" type="stmt"/>
        <line num="13" count="1" type="stmt"/>
        <line num="15" count="1" type="stmt"/>
        <line num="16" count="1" type="stmt"/>
        <line num="18" count="1" type="stmt"/>
        <line num="33" count="1" type="stmt"/>
      </file>
      <file name="focusOnTop.js" path="/home/mai/Documents/AssetsManagement/src/utils/focusOnTop.js">
        <metrics statements="1" coveredstatements="0" conditionals="0" coveredconditionals="0" methods="1" coveredmethods="0"/>
        <line num="2" count="0" type="stmt"/>
      </file>
      <file name="helper.js" path="/home/mai/Documents/AssetsManagement/src/utils/helper.js">
        <metrics statements="28" coveredstatements="7" conditionals="14" coveredconditionals="0" methods="9" coveredmethods="0"/>
        <line num="3" count="1" type="stmt"/>
        <line num="4" count="0" type="cond" truecount="0" falsecount="2"/>
        <line num="5" count="0" type="stmt"/>
        <line num="8" count="1" type="stmt"/>
        <line num="9" count="0" type="cond" truecount="0" falsecount="2"/>
        <line num="11" count="0" type="stmt"/>
        <line num="13" count="0" type="stmt"/>
        <line num="15" count="0" type="stmt"/>
        <line num="18" count="1" type="stmt"/>
        <line num="19" count="0" type="cond" truecount="0" falsecount="2"/>
        <line num="21" count="0" type="stmt"/>
        <line num="23" count="0" type="stmt"/>
        <line num="25" count="0" type="stmt"/>
        <line num="28" count="1" type="stmt"/>
        <line num="29" count="0" type="cond" truecount="0" falsecount="2"/>
        <line num="31" count="0" type="stmt"/>
        <line num="33" count="0" type="stmt"/>
        <line num="35" count="0" type="stmt"/>
        <line num="38" count="1" type="stmt"/>
        <line num="39" count="0" type="cond" truecount="0" falsecount="2"/>
        <line num="41" count="0" type="stmt"/>
        <line num="44" count="1" type="stmt"/>
        <line num="45" count="0" type="cond" truecount="0" falsecount="4"/>
        <line num="46" count="0" type="stmt"/>
        <line num="47" count="0" type="stmt"/>
        <line num="50" count="1" type="stmt"/>
        <line num="51" count="0" type="stmt"/>
        <line num="52" count="0" type="stmt"/>
      </file>
      <file name="restructureData.js" path="/home/mai/Documents/AssetsManagement/src/utils/restructureData.js">
        <metrics statements="13" coveredstatements="0" conditionals="4" coveredconditionals="0" methods="6" coveredmethods="0"/>
        <line num="1" count="0" type="stmt"/>
        <line num="2" count="0" type="stmt"/>
        <line num="3" count="0" type="stmt"/>
        <line num="4" count="0" type="stmt"/>
        <line num="5" count="0" type="cond" truecount="0" falsecount="4"/>
        <line num="6" count="0" type="stmt"/>
        <line num="7" count="0" type="stmt"/>
        <line num="10" count="0" type="stmt"/>
        <line num="17" count="0" type="stmt"/>
        <line num="18" count="0" type="stmt"/>
        <line num="19" count="0" type="stmt"/>
        <line num="20" count="0" type="stmt"/>
        <line num="21" count="0" type="stmt"/>
      </file>
    </package>
  </project>
</coverage>
