{"/home/phungmai/Documents/AssetsManagement/src/App.js": {"path":"/home/phungmai/Documents/AssetsManagement/src/App.js","statementMap":{"0":{"start":{"line":12,"column":12},"end":{"line":51,"column":1}},"1":{"start":{"line":13,"column":40},"end":{"line":13,"column":54}},"2":{"start":{"line":15,"column":2},"end":{"line":24,"column":9}},"3":{"start":{"line":16,"column":4},"end":{"line":23,"column":7}},"4":{"start":{"line":17,"column":6},"end":{"line":22,"column":7}},"5":{"start":{"line":19,"column":8},"end":{"line":19,"column":29}},"6":{"start":{"line":26,"column":2},"end":{"line":50,"column":4}},"7":{"start":{"line":29,"column":8},"end":{"line":39,"column":9}},"8":{"start":{"line":30,"column":10},"end":{"line":38,"column":11}},"9":{"start":{"line":31,"column":12},"end":{"line":31,"column":49}},"10":{"start":{"line":33,"column":12},"end":{"line":37,"column":14}},"11":{"start":{"line":41,"column":8},"end":{"line":45,"column":10}}},"fnMap":{"0":{"name":"(anonymous_0)","decl":{"start":{"line":12,"column":12},"end":{"line":12,"column":13}},"loc":{"start":{"line":12,"column":18},"end":{"line":51,"column":1}},"line":12},"1":{"name":"(anonymous_1)","decl":{"start":{"line":15,"column":12},"end":{"line":15,"column":13}},"loc":{"start":{"line":15,"column":18},"end":{"line":24,"column":3}},"line":15},"2":{"name":"(anonymous_2)","decl":{"start":{"line":16,"column":28},"end":{"line":16,"column":29}},"loc":{"start":{"line":16,"column":44},"end":{"line":23,"column":5}},"line":16},"3":{"name":"(anonymous_3)","decl":{"start":{"line":28,"column":26},"end":{"line":28,"column":27}},"loc":{"start":{"line":28,"column":44},"end":{"line":46,"column":7}},"line":28}},"branchMap":{"0":{"loc":{"start":{"line":17,"column":6},"end":{"line":22,"column":7}},"type":"if","locations":[{"start":{"line":17,"column":6},"end":{"line":22,"column":7}},{"start":{"line":17,"column":6},"end":{"line":22,"column":7}}],"line":17},"1":{"loc":{"start":{"line":28,"column":8},"end":{"line":28,"column":20}},"type":"binary-expr","locations":[{"start":{"line":28,"column":8},"end":{"line":28,"column":14}},{"start":{"line":28,"column":18},"end":{"line":28,"column":20}}],"line":28},"2":{"loc":{"start":{"line":29,"column":8},"end":{"line":39,"column":9}},"type":"if","locations":[{"start":{"line":29,"column":8},"end":{"line":39,"column":9}},{"start":{"line":29,"column":8},"end":{"line":39,"column":9}}],"line":29},"3":{"loc":{"start":{"line":30,"column":10},"end":{"line":38,"column":11}},"type":"if","locations":[{"start":{"line":30,"column":10},"end":{"line":38,"column":11}},{"start":{"line":30,"column":10},"end":{"line":38,"column":11}}],"line":30}},"s":{"0":0,"1":0,"2":0,"3":0,"4":0,"5":0,"6":0,"7":0,"8":0,"9":0,"10":0,"11":0},"f":{"0":0,"1":0,"2":0,"3":0},"b":{"0":[0,0],"1":[0,0],"2":[0,0],"3":[0,0]}}
,"/home/phungmai/Documents/AssetsManagement/src/AuthRoute.js": {"path":"/home/phungmai/Documents/AssetsManagement/src/AuthRoute.js","statementMap":{"0":{"start":{"line":5,"column":18},"end":{"line":21,"column":1}},"1":{"start":{"line":6,"column":40},"end":{"line":6,"column":54}},"2":{"start":{"line":8,"column":2},"end":{"line":16,"column":9}},"3":{"start":{"line":9,"column":4},"end":{"line":15,"column":7}},"4":{"start":{"line":10,"column":6},"end":{"line":14,"column":7}},"5":{"start":{"line":11,"column":8},"end":{"line":11,"column":32}},"6":{"start":{"line":13,"column":8},"end":{"line":13,"column":29}},"7":{"start":{"line":18,"column":2},"end":{"line":18,"column":54}},"8":{"start":{"line":18,"column":20},"end":{"line":18,"column":54}},"9":{"start":{"line":20,"column":2},"end":{"line":20,"column":52}}},"fnMap":{"0":{"name":"(anonymous_0)","decl":{"start":{"line":5,"column":18},"end":{"line":5,"column":19}},"loc":{"start":{"line":5,"column":29},"end":{"line":21,"column":1}},"line":5},"1":{"name":"(anonymous_1)","decl":{"start":{"line":8,"column":12},"end":{"line":8,"column":13}},"loc":{"start":{"line":8,"column":18},"end":{"line":16,"column":3}},"line":8},"2":{"name":"(anonymous_2)","decl":{"start":{"line":9,"column":28},"end":{"line":9,"column":29}},"loc":{"start":{"line":9,"column":38},"end":{"line":15,"column":5}},"line":9}},"branchMap":{"0":{"loc":{"start":{"line":10,"column":6},"end":{"line":14,"column":7}},"type":"if","locations":[{"start":{"line":10,"column":6},"end":{"line":14,"column":7}},{"start":{"line":10,"column":6},"end":{"line":14,"column":7}}],"line":10},"1":{"loc":{"start":{"line":18,"column":2},"end":{"line":18,"column":54}},"type":"if","locations":[{"start":{"line":18,"column":2},"end":{"line":18,"column":54}},{"start":{"line":18,"column":2},"end":{"line":18,"column":54}}],"line":18}},"s":{"0":0,"1":0,"2":0,"3":0,"4":0,"5":0,"6":0,"7":0,"8":0,"9":0},"f":{"0":0,"1":0,"2":0},"b":{"0":[0,0],"1":[0,0]}}
,"/home/phungmai/Documents/AssetsManagement/src/database.js": {"path":"/home/phungmai/Documents/AssetsManagement/src/database.js","statementMap":{"0":{"start":{"line":7,"column":23},"end":{"line":16,"column":1}},"1":{"start":{"line":18,"column":0},"end":{"line":18,"column":39}},"2":{"start":{"line":20,"column":9},"end":{"line":20,"column":29}},"3":{"start":{"line":21,"column":14},"end":{"line":21,"column":32}},"4":{"start":{"line":22,"column":11},"end":{"line":22,"column":26}}},"fnMap":{},"branchMap":{},"s":{"0":2,"1":2,"2":2,"3":2,"4":2},"f":{},"b":{},"_coverageSchema":"1a1c01bbd47fc00a2c39e90264f33305004495a9","hash":"4ba0d57860930e30fcdbdd57c31156fa21ad8de5"}
,"/home/phungmai/Documents/AssetsManagement/src/components/BaseModal/BaseModal.js": {"path":"/home/phungmai/Documents/AssetsManagement/src/components/BaseModal/BaseModal.js","statementMap":{"0":{"start":{"line":8,"column":18},"end":{"line":19,"column":1}},"1":{"start":{"line":21,"column":18},"end":{"line":53,"column":1}},"2":{"start":{"line":33,"column":2},"end":{"line":52,"column":4}},"3":{"start":{"line":54,"column":0},"end":{"line":54,"column":32}}},"fnMap":{"0":{"name":"(anonymous_0)","decl":{"start":{"line":21,"column":18},"end":{"line":21,"column":19}},"loc":{"start":{"line":32,"column":6},"end":{"line":53,"column":1}},"line":32}},"branchMap":{"0":{"loc":{"start":{"line":34,"column":51},"end":{"line":34,"column":75}},"type":"binary-expr","locations":[{"start":{"line":34,"column":51},"end":{"line":34,"column":62}},{"start":{"line":34,"column":66},"end":{"line":34,"column":75}}],"line":34},"1":{"loc":{"start":{"line":35,"column":7},"end":{"line":39,"column":7}},"type":"binary-expr","locations":[{"start":{"line":35,"column":7},"end":{"line":35,"column":14}},{"start":{"line":36,"column":8},"end":{"line":38,"column":23}}],"line":35},"2":{"loc":{"start":{"line":44,"column":35},"end":{"line":44,"column":82}},"type":"cond-expr","locations":[{"start":{"line":44,"column":51},"end":{"line":44,"column":64}},{"start":{"line":44,"column":67},"end":{"line":44,"column":82}}],"line":44},"3":{"loc":{"start":{"line":45,"column":11},"end":{"line":45,"column":48}},"type":"cond-expr","locations":[{"start":{"line":45,"column":24},"end":{"line":45,"column":34}},{"start":{"line":45,"column":37},"end":{"line":45,"column":48}}],"line":45},"4":{"loc":{"start":{"line":47,"column":35},"end":{"line":47,"column":85}},"type":"cond-expr","locations":[{"start":{"line":47,"column":52},"end":{"line":47,"column":66}},{"start":{"line":47,"column":69},"end":{"line":47,"column":85}}],"line":47},"5":{"loc":{"start":{"line":48,"column":11},"end":{"line":48,"column":46}},"type":"cond-expr","locations":[{"start":{"line":48,"column":25},"end":{"line":48,"column":36}},{"start":{"line":48,"column":39},"end":{"line":48,"column":46}}],"line":48}},"s":{"0":0,"1":0,"2":0,"3":0},"f":{"0":0},"b":{"0":[0,0],"1":[0,0],"2":[0,0],"3":[0,0],"4":[0,0],"5":[0,0]}}
,"/home/phungmai/Documents/AssetsManagement/src/components/BaseModal/BaseModal.style.js": {"path":"/home/phungmai/Documents/AssetsManagement/src/components/BaseModal/BaseModal.style.js","statementMap":{"0":{"start":{"line":4,"column":21},"end":{"line":6,"column":1}}},"fnMap":{},"branchMap":{},"s":{"0":0},"f":{},"b":{}}
,"/home/phungmai/Documents/AssetsManagement/src/components/BoxSearch/BoxSearch.js": {"path":"/home/phungmai/Documents/AssetsManagement/src/components/BoxSearch/BoxSearch.js","statementMap":{"0":{"start":{"line":7,"column":18},"end":{"line":20,"column":1}},"1":{"start":{"line":8,"column":2},"end":{"line":19,"column":4}}},"fnMap":{"0":{"name":"(anonymous_0)","decl":{"start":{"line":7,"column":18},"end":{"line":7,"column":19}},"loc":{"start":{"line":7,"column":50},"end":{"line":20,"column":1}},"line":7}},"branchMap":{},"s":{"0":0,"1":0},"f":{"0":0},"b":{}}
,"/home/phungmai/Documents/AssetsManagement/src/components/BoxSearch/BoxSearch.style.js": {"path":"/home/phungmai/Documents/AssetsManagement/src/components/BoxSearch/BoxSearch.style.js","statementMap":{"0":{"start":{"line":3,"column":16},"end":{"line":24,"column":1}}},"fnMap":{},"branchMap":{},"s":{"0":0},"f":{},"b":{}}
,"/home/phungmai/Documents/AssetsManagement/src/components/BoxSelect/BoxSelect.js": {"path":"/home/phungmai/Documents/AssetsManagement/src/components/BoxSelect/BoxSelect.js","statementMap":{"0":{"start":{"line":5,"column":18},"end":{"line":26,"column":1}},"1":{"start":{"line":6,"column":2},"end":{"line":25,"column":4}},"2":{"start":{"line":19,"column":10},"end":{"line":21,"column":19}}},"fnMap":{"0":{"name":"(anonymous_0)","decl":{"start":{"line":5,"column":18},"end":{"line":5,"column":19}},"loc":{"start":{"line":5,"column":56},"end":{"line":26,"column":1}},"line":5},"1":{"name":"(anonymous_1)","decl":{"start":{"line":18,"column":26},"end":{"line":18,"column":27}},"loc":{"start":{"line":19,"column":10},"end":{"line":21,"column":19}},"line":19}},"branchMap":{"0":{"loc":{"start":{"line":8,"column":7},"end":{"line":12,"column":7}},"type":"binary-expr","locations":[{"start":{"line":8,"column":7},"end":{"line":8,"column":14}},{"start":{"line":9,"column":8},"end":{"line":11,"column":16}}],"line":8},"1":{"loc":{"start":{"line":18,"column":10},"end":{"line":18,"column":20}},"type":"binary-expr","locations":[{"start":{"line":18,"column":10},"end":{"line":18,"column":14}},{"start":{"line":18,"column":18},"end":{"line":18,"column":20}}],"line":18}},"s":{"0":0,"1":0,"2":0},"f":{"0":0,"1":0},"b":{"0":[0,0],"1":[0,0]}}
,"/home/phungmai/Documents/AssetsManagement/src/components/BoxSelect/BoxSelect.style.js": {"path":"/home/phungmai/Documents/AssetsManagement/src/components/BoxSelect/BoxSelect.style.js","statementMap":{"0":{"start":{"line":3,"column":16},"end":{"line":14,"column":1}}},"fnMap":{},"branchMap":{},"s":{"0":0},"f":{},"b":{}}
,"/home/phungmai/Documents/AssetsManagement/src/components/BreadCrumb/BreadCrumb.js": {"path":"/home/phungmai/Documents/AssetsManagement/src/components/BreadCrumb/BreadCrumb.js","statementMap":{"0":{"start":{"line":4,"column":19},"end":{"line":22,"column":1}},"1":{"start":{"line":5,"column":2},"end":{"line":21,"column":4}},"2":{"start":{"line":9,"column":29},"end":{"line":9,"column":60}},"3":{"start":{"line":10,"column":23},"end":{"line":10,"column":72}},"4":{"start":{"line":11,"column":10},"end":{"line":17,"column":12}}},"fnMap":{"0":{"name":"(anonymous_0)","decl":{"start":{"line":4,"column":19},"end":{"line":4,"column":20}},"loc":{"start":{"line":4,"column":39},"end":{"line":22,"column":1}},"line":4},"1":{"name":"(anonymous_1)","decl":{"start":{"line":8,"column":24},"end":{"line":8,"column":25}},"loc":{"start":{"line":8,"column":41},"end":{"line":18,"column":9}},"line":8}},"branchMap":{"0":{"loc":{"start":{"line":10,"column":23},"end":{"line":10,"column":72}},"type":"cond-expr","locations":[{"start":{"line":10,"column":49},"end":{"line":10,"column":67}},{"start":{"line":10,"column":70},"end":{"line":10,"column":72}}],"line":10},"1":{"loc":{"start":{"line":10,"column":23},"end":{"line":10,"column":46}},"type":"binary-expr","locations":[{"start":{"line":10,"column":23},"end":{"line":10,"column":31}},{"start":{"line":10,"column":35},"end":{"line":10,"column":46}}],"line":10},"2":{"loc":{"start":{"line":13,"column":41},"end":{"line":13,"column":71}},"type":"cond-expr","locations":[{"start":{"line":13,"column":54},"end":{"line":13,"column":66}},{"start":{"line":13,"column":69},"end":{"line":13,"column":71}}],"line":13}},"s":{"0":1,"1":1,"2":2,"3":2,"4":2},"f":{"0":1,"1":2},"b":{"0":[1,1],"1":[2,1],"2":[1,1]},"_coverageSchema":"1a1c01bbd47fc00a2c39e90264f33305004495a9","hash":"a91a0223700d0c4b1bf6b1bfcd352b4403457a4a"}
,"/home/phungmai/Documents/AssetsManagement/src/components/BreadCrumb/BreadCrumb.style.js": {"path":"/home/phungmai/Documents/AssetsManagement/src/components/BreadCrumb/BreadCrumb.style.js","statementMap":{},"fnMap":{},"branchMap":{},"s":{},"f":{},"b":{},"_coverageSchema":"1a1c01bbd47fc00a2c39e90264f33305004495a9","hash":"556661d8ab4083bd1aad6eca8a17798d7ba597bb"}
,"/home/phungmai/Documents/AssetsManagement/src/components/DatePickerInput/DatePickerInput.js": {"path":"/home/phungmai/Documents/AssetsManagement/src/components/DatePickerInput/DatePickerInput.js","statementMap":{"0":{"start":{"line":8,"column":24},"end":{"line":24,"column":1}},"1":{"start":{"line":9,"column":2},"end":{"line":23,"column":4}},"2":{"start":{"line":16,"column":28},"end":{"line":16,"column":42}},"3":{"start":{"line":17,"column":28},"end":{"line":17,"column":42}}},"fnMap":{"0":{"name":"(anonymous_0)","decl":{"start":{"line":8,"column":24},"end":{"line":8,"column":25}},"loc":{"start":{"line":8,"column":49},"end":{"line":24,"column":1}},"line":8},"1":{"name":"(anonymous_1)","decl":{"start":{"line":16,"column":18},"end":{"line":16,"column":19}},"loc":{"start":{"line":16,"column":28},"end":{"line":16,"column":42}},"line":16},"2":{"name":"(anonymous_2)","decl":{"start":{"line":17,"column":18},"end":{"line":17,"column":19}},"loc":{"start":{"line":17,"column":28},"end":{"line":17,"column":42}},"line":17}},"branchMap":{},"s":{"0":1,"1":1,"2":0,"3":0},"f":{"0":1,"1":0,"2":0},"b":{},"_coverageSchema":"1a1c01bbd47fc00a2c39e90264f33305004495a9","hash":"db79991007adf641e02d7b8b5d7789dab1b2746c"}
,"/home/phungmai/Documents/AssetsManagement/src/components/DatePickerInput/DatePickerInput.style.js": {"path":"/home/phungmai/Documents/AssetsManagement/src/components/DatePickerInput/DatePickerInput.style.js","statementMap":{"0":{"start":{"line":3,"column":16},"end":{"line":39,"column":1}}},"fnMap":{},"branchMap":{},"s":{"0":1},"f":{},"b":{},"_coverageSchema":"1a1c01bbd47fc00a2c39e90264f33305004495a9","hash":"483de660dfa82c9d3c5dcbad3665ee3be49d5075"}
,"/home/phungmai/Documents/AssetsManagement/src/components/DragAndDropWrapper/Placeholder.js": {"path":"/home/phungmai/Documents/AssetsManagement/src/components/DragAndDropWrapper/Placeholder.js","statementMap":{"0":{"start":{"line":6,"column":16},"end":{"line":20,"column":1}},"1":{"start":{"line":23,"column":2},"end":{"line":37,"column":4}},"2":{"start":{"line":30,"column":10},"end":{"line":30,"column":33}},"3":{"start":{"line":31,"column":10},"end":{"line":31,"column":43}}},"fnMap":{"0":{"name":"Placeholder","decl":{"start":{"line":22,"column":24},"end":{"line":22,"column":35}},"loc":{"start":{"line":22,"column":68},"end":{"line":38,"column":1}},"line":22},"1":{"name":"(anonymous_1)","decl":{"start":{"line":29,"column":17},"end":{"line":29,"column":18}},"loc":{"start":{"line":29,"column":28},"end":{"line":32,"column":9}},"line":29}},"branchMap":{"0":{"loc":{"start":{"line":27,"column":7},"end":{"line":27,"column":67}},"type":"binary-expr","locations":[{"start":{"line":27,"column":7},"end":{"line":27,"column":18}},{"start":{"line":27,"column":22},"end":{"line":27,"column":67}}],"line":27},"1":{"loc":{"start":{"line":31,"column":10},"end":{"line":31,"column":42}},"type":"binary-expr","locations":[{"start":{"line":31,"column":10},"end":{"line":31,"column":23}},{"start":{"line":31,"column":27},"end":{"line":31,"column":42}}],"line":31}},"s":{"0":0,"1":0,"2":0,"3":0},"f":{"0":0,"1":0},"b":{"0":[0,0],"1":[0,0]}}
,"/home/phungmai/Documents/AssetsManagement/src/components/DragAndDropWrapper/index.styles.js": {"path":"/home/phungmai/Documents/AssetsManagement/src/components/DragAndDropWrapper/index.styles.js","statementMap":{"0":{"start":{"line":3,"column":16},"end":{"line":54,"column":1}}},"fnMap":{},"branchMap":{},"s":{"0":0},"f":{},"b":{}}
,"/home/phungmai/Documents/AssetsManagement/src/components/ExcelExport/ExcelExport.js": {"path":"/home/phungmai/Documents/AssetsManagement/src/components/ExcelExport/ExcelExport.js","statementMap":{"0":{"start":{"line":5,"column":18},"end":{"line":5,"column":39}},"1":{"start":{"line":6,"column":19},"end":{"line":6,"column":51}},"2":{"start":{"line":7,"column":20},"end":{"line":7,"column":53}},"3":{"start":{"line":9,"column":22},"end":{"line":24,"column":1}},"4":{"start":{"line":10,"column":2},"end":{"line":23,"column":4}}},"fnMap":{"0":{"name":"(anonymous_0)","decl":{"start":{"line":9,"column":22},"end":{"line":9,"column":23}},"loc":{"start":{"line":9,"column":36},"end":{"line":24,"column":1}},"line":9}},"branchMap":{},"s":{"0":0,"1":0,"2":0,"3":0,"4":0},"f":{"0":0},"b":{}}
,"/home/phungmai/Documents/AssetsManagement/src/components/ExcelExport/ExcelExport.styles.js": {"path":"/home/phungmai/Documents/AssetsManagement/src/components/ExcelExport/ExcelExport.styles.js","statementMap":{},"fnMap":{},"branchMap":{},"s":{},"f":{},"b":{}}
,"/home/phungmai/Documents/AssetsManagement/src/components/ItemFilter/ItemFilter.js": {"path":"/home/phungmai/Documents/AssetsManagement/src/components/ItemFilter/ItemFilter.js","statementMap":{"0":{"start":{"line":10,"column":19},"end":{"line":28,"column":1}},"1":{"start":{"line":11,"column":2},"end":{"line":27,"column":4}}},"fnMap":{"0":{"name":"(anonymous_0)","decl":{"start":{"line":10,"column":19},"end":{"line":10,"column":20}},"loc":{"start":{"line":10,"column":25},"end":{"line":28,"column":1}},"line":10}},"branchMap":{},"s":{"0":0,"1":0},"f":{"0":0},"b":{}}
,"/home/phungmai/Documents/AssetsManagement/src/components/ItemFilter/ItemFilter.style.js": {"path":"/home/phungmai/Documents/AssetsManagement/src/components/ItemFilter/ItemFilter.style.js","statementMap":{"0":{"start":{"line":3,"column":16},"end":{"line":3,"column":28}}},"fnMap":{},"branchMap":{},"s":{"0":0},"f":{},"b":{}}
,"/home/phungmai/Documents/AssetsManagement/src/components/LayoutPage/LayoutPage.js": {"path":"/home/phungmai/Documents/AssetsManagement/src/components/LayoutPage/LayoutPage.js","statementMap":{"0":{"start":{"line":16,"column":32},"end":{"line":16,"column":42}},"1":{"start":{"line":18,"column":2},"end":{"line":37,"column":4}}},"fnMap":{"0":{"name":"LayoutPage","decl":{"start":{"line":15,"column":9},"end":{"line":15,"column":19}},"loc":{"start":{"line":15,"column":34},"end":{"line":38,"column":1}},"line":15}},"branchMap":{"0":{"loc":{"start":{"line":30,"column":15},"end":{"line":30,"column":106}},"type":"binary-expr","locations":[{"start":{"line":30,"column":15},"end":{"line":30,"column":22}},{"start":{"line":30,"column":26},"end":{"line":30,"column":106}}],"line":30}},"s":{"0":0,"1":0},"f":{"0":0},"b":{"0":[0,0]}}
,"/home/phungmai/Documents/AssetsManagement/src/components/LayoutPage/LayoutPage.styles.js": {"path":"/home/phungmai/Documents/AssetsManagement/src/components/LayoutPage/LayoutPage.styles.js","statementMap":{},"fnMap":{},"branchMap":{},"s":{},"f":{},"b":{}}
,"/home/phungmai/Documents/AssetsManagement/src/components/Loading/Loading.js": {"path":"/home/phungmai/Documents/AssetsManagement/src/components/Loading/Loading.js","statementMap":{"0":{"start":{"line":5,"column":23},"end":{"line":11,"column":1}},"1":{"start":{"line":13,"column":16},"end":{"line":21,"column":1}},"2":{"start":{"line":14,"column":2},"end":{"line":20,"column":4}}},"fnMap":{"0":{"name":"(anonymous_0)","decl":{"start":{"line":13,"column":16},"end":{"line":13,"column":17}},"loc":{"start":{"line":13,"column":22},"end":{"line":21,"column":1}},"line":13}},"branchMap":{},"s":{"0":1,"1":1,"2":2},"f":{"0":2},"b":{},"_coverageSchema":"1a1c01bbd47fc00a2c39e90264f33305004495a9","hash":"06d21e2cd4fef1c9c60162b72a38b889dd7a7505"}
,"/home/phungmai/Documents/AssetsManagement/src/components/ModalChangePassword/ModalChangePassword.js": {"path":"/home/phungmai/Documents/AssetsManagement/src/components/ModalChangePassword/ModalChangePassword.js","statementMap":{"0":{"start":{"line":11,"column":28},"end":{"line":147,"column":1}},"1":{"start":{"line":12,"column":42},"end":{"line":12,"column":52}},"2":{"start":{"line":13,"column":22},"end":{"line":13,"column":34}},"3":{"start":{"line":14,"column":31},"end":{"line":40,"column":3}},"4":{"start":{"line":16,"column":19},"end":{"line":16,"column":35}},"5":{"start":{"line":18,"column":20},"end":{"line":18,"column":30}},"6":{"start":{"line":19,"column":23},"end":{"line":19,"column":46}},"7":{"start":{"line":20,"column":25},"end":{"line":20,"column":84}},"8":{"start":{"line":21,"column":6},"end":{"line":37,"column":11}},"9":{"start":{"line":24,"column":10},"end":{"line":33,"column":15}},"10":{"start":{"line":27,"column":14},"end":{"line":27,"column":87}},"11":{"start":{"line":28,"column":14},"end":{"line":28,"column":29}},"12":{"start":{"line":29,"column":14},"end":{"line":29,"column":48}},"13":{"start":{"line":32,"column":14},"end":{"line":32,"column":66}},"14":{"start":{"line":36,"column":10},"end":{"line":36,"column":57}},"15":{"start":{"line":42,"column":27},"end":{"line":60,"column":4}},"16":{"start":{"line":49,"column":37},"end":{"line":49,"column":48}},"17":{"start":{"line":50,"column":8},"end":{"line":50,"column":49}},"18":{"start":{"line":57,"column":33},"end":{"line":57,"column":44}},"19":{"start":{"line":58,"column":8},"end":{"line":58,"column":49}},"20":{"start":{"line":62,"column":2},"end":{"line":146,"column":4}},"21":{"start":{"line":73,"column":8},"end":{"line":143,"column":16}},"22":{"start":{"line":132,"column":16},"end":{"line":132,"column":31}},"23":{"start":{"line":133,"column":16},"end":{"line":133,"column":26}},"24":{"start":{"line":136,"column":16},"end":{"line":136,"column":31}},"25":{"start":{"line":137,"column":16},"end":{"line":137,"column":26}}},"fnMap":{"0":{"name":"(anonymous_0)","decl":{"start":{"line":11,"column":28},"end":{"line":11,"column":29}},"loc":{"start":{"line":11,"column":45},"end":{"line":147,"column":1}},"line":11},"1":{"name":"(anonymous_1)","decl":{"start":{"line":15,"column":4},"end":{"line":15,"column":5}},"loc":{"start":{"line":15,"column":16},"end":{"line":38,"column":5}},"line":15},"2":{"name":"(anonymous_2)","decl":{"start":{"line":23,"column":14},"end":{"line":23,"column":15}},"loc":{"start":{"line":23,"column":26},"end":{"line":34,"column":9}},"line":23},"3":{"name":"(anonymous_3)","decl":{"start":{"line":26,"column":18},"end":{"line":26,"column":19}},"loc":{"start":{"line":26,"column":30},"end":{"line":30,"column":13}},"line":26},"4":{"name":"(anonymous_4)","decl":{"start":{"line":31,"column":19},"end":{"line":31,"column":20}},"loc":{"start":{"line":31,"column":36},"end":{"line":33,"column":13}},"line":31},"5":{"name":"(anonymous_5)","decl":{"start":{"line":35,"column":15},"end":{"line":35,"column":16}},"loc":{"start":{"line":35,"column":32},"end":{"line":37,"column":9}},"line":35},"6":{"name":"required","decl":{"start":{"line":48,"column":81},"end":{"line":48,"column":89}},"loc":{"start":{"line":48,"column":104},"end":{"line":51,"column":7}},"line":48},"7":{"name":"required","decl":{"start":{"line":56,"column":81},"end":{"line":56,"column":89}},"loc":{"start":{"line":56,"column":108},"end":{"line":59,"column":7}},"line":56},"8":{"name":"(anonymous_8)","decl":{"start":{"line":72,"column":7},"end":{"line":72,"column":8}},"loc":{"start":{"line":73,"column":8},"end":{"line":143,"column":16}},"line":73},"9":{"name":"(anonymous_9)","decl":{"start":{"line":131,"column":26},"end":{"line":131,"column":27}},"loc":{"start":{"line":131,"column":32},"end":{"line":134,"column":15}},"line":131},"10":{"name":"(anonymous_10)","decl":{"start":{"line":135,"column":23},"end":{"line":135,"column":24}},"loc":{"start":{"line":135,"column":29},"end":{"line":138,"column":15}},"line":135}},"branchMap":{"0":{"loc":{"start":{"line":80,"column":17},"end":{"line":80,"column":108}},"type":"binary-expr","locations":[{"start":{"line":80,"column":17},"end":{"line":80,"column":24}},{"start":{"line":80,"column":28},"end":{"line":80,"column":108}}],"line":80},"1":{"loc":{"start":{"line":90,"column":33},"end":{"line":90,"column":86}},"type":"binary-expr","locations":[{"start":{"line":90,"column":33},"end":{"line":90,"column":57}},{"start":{"line":90,"column":61},"end":{"line":90,"column":86}}],"line":90},"2":{"loc":{"start":{"line":103,"column":33},"end":{"line":103,"column":78}},"type":"binary-expr","locations":[{"start":{"line":103,"column":33},"end":{"line":103,"column":53}},{"start":{"line":103,"column":57},"end":{"line":103,"column":78}}],"line":103},"3":{"loc":{"start":{"line":116,"column":33},"end":{"line":116,"column":86}},"type":"binary-expr","locations":[{"start":{"line":116,"column":33},"end":{"line":116,"column":57}},{"start":{"line":116,"column":61},"end":{"line":116,"column":86}}],"line":116}},"s":{"0":0,"1":0,"2":0,"3":0,"4":0,"5":0,"6":0,"7":0,"8":0,"9":0,"10":0,"11":0,"12":0,"13":0,"14":0,"15":0,"16":0,"17":0,"18":0,"19":0,"20":0,"21":0,"22":0,"23":0,"24":0,"25":0},"f":{"0":0,"1":0,"2":0,"3":0,"4":0,"5":0,"6":0,"7":0,"8":0,"9":0,"10":0},"b":{"0":[0,0],"1":[0,0],"2":[0,0],"3":[0,0]}}
,"/home/phungmai/Documents/AssetsManagement/src/components/ModalChangePassword/ModalChangePassword.styles.js": {"path":"/home/phungmai/Documents/AssetsManagement/src/components/ModalChangePassword/ModalChangePassword.styles.js","statementMap":{},"fnMap":{},"branchMap":{},"s":{},"f":{},"b":{}}
,"/home/phungmai/Documents/AssetsManagement/src/components/ModalImportFile/ModalImportFile.js": {"path":"/home/phungmai/Documents/AssetsManagement/src/components/ModalImportFile/ModalImportFile.js","statementMap":{"0":{"start":{"line":7,"column":24},"end":{"line":71,"column":1}},"1":{"start":{"line":8,"column":38},"end":{"line":8,"column":50}},"2":{"start":{"line":10,"column":14},"end":{"line":21,"column":3}},"3":{"start":{"line":23,"column":17},"end":{"line":45,"column":3}},"4":{"start":{"line":47,"column":27},"end":{"line":55,"column":8}},"5":{"start":{"line":48,"column":17},"end":{"line":48,"column":34}},"6":{"start":{"line":50,"column":4},"end":{"line":54,"column":7}},"7":{"start":{"line":51,"column":6},"end":{"line":51,"column":32}},"8":{"start":{"line":53,"column":6},"end":{"line":53,"column":26}},"9":{"start":{"line":57,"column":29},"end":{"line":57,"column":74}},"10":{"start":{"line":57,"column":61},"end":{"line":57,"column":71}},"11":{"start":{"line":59,"column":2},"end":{"line":70,"column":4}},"12":{"start":{"line":66,"column":22},"end":{"line":66,"column":32}},"13":{"start":{"line":67,"column":23},"end":{"line":67,"column":51}}},"fnMap":{"0":{"name":"(anonymous_0)","decl":{"start":{"line":7,"column":24},"end":{"line":7,"column":25}},"loc":{"start":{"line":7,"column":42},"end":{"line":71,"column":1}},"line":7},"1":{"name":"(anonymous_1)","decl":{"start":{"line":47,"column":39},"end":{"line":47,"column":40}},"loc":{"start":{"line":47,"column":46},"end":{"line":55,"column":3}},"line":47},"2":{"name":"(anonymous_2)","decl":{"start":{"line":50,"column":40},"end":{"line":50,"column":41}},"loc":{"start":{"line":50,"column":62},"end":{"line":54,"column":5}},"line":50},"3":{"name":"(anonymous_3)","decl":{"start":{"line":57,"column":55},"end":{"line":57,"column":56}},"loc":{"start":{"line":57,"column":61},"end":{"line":57,"column":71}},"line":57},"4":{"name":"(anonymous_4)","decl":{"start":{"line":66,"column":16},"end":{"line":66,"column":17}},"loc":{"start":{"line":66,"column":22},"end":{"line":66,"column":32}},"line":66},"5":{"name":"(anonymous_5)","decl":{"start":{"line":67,"column":17},"end":{"line":67,"column":18}},"loc":{"start":{"line":67,"column":23},"end":{"line":67,"column":51}},"line":67}},"branchMap":{},"s":{"0":0,"1":0,"2":0,"3":0,"4":0,"5":0,"6":0,"7":0,"8":0,"9":0,"10":0,"11":0,"12":0,"13":0},"f":{"0":0,"1":0,"2":0,"3":0,"4":0,"5":0},"b":{}}
,"/home/phungmai/Documents/AssetsManagement/src/components/ModalImportFile/ModalImportFile.styles.js": {"path":"/home/phungmai/Documents/AssetsManagement/src/components/ModalImportFile/ModalImportFile.styles.js","statementMap":{"0":{"start":{"line":4,"column":21},"end":{"line":4,"column":36}}},"fnMap":{},"branchMap":{},"s":{"0":0},"f":{},"b":{}}
,"/home/phungmai/Documents/AssetsManagement/src/components/Pagination/Pagination.js": {"path":"/home/phungmai/Documents/AssetsManagement/src/components/Pagination/Pagination.js","statementMap":{"0":{"start":{"line":6,"column":20},"end":{"line":20,"column":1}},"1":{"start":{"line":7,"column":2},"end":{"line":19,"column":4}}},"fnMap":{"0":{"name":"(anonymous_0)","decl":{"start":{"line":6,"column":20},"end":{"line":6,"column":21}},"loc":{"start":{"line":6,"column":77},"end":{"line":20,"column":1}},"line":6}},"branchMap":{},"s":{"0":0,"1":0},"f":{"0":0},"b":{}}
,"/home/phungmai/Documents/AssetsManagement/src/components/Pagination/Pagination.style.js": {"path":"/home/phungmai/Documents/AssetsManagement/src/components/Pagination/Pagination.style.js","statementMap":{},"fnMap":{},"branchMap":{},"s":{},"f":{},"b":{}}
,"/home/phungmai/Documents/AssetsManagement/src/components/PhotoUpload/PhotoUpload.js": {"path":"/home/phungmai/Documents/AssetsManagement/src/components/PhotoUpload/PhotoUpload.js","statementMap":{"0":{"start":{"line":10,"column":20},"end":{"line":76,"column":1}},"1":{"start":{"line":11,"column":61},"end":{"line":11,"column":79}},"2":{"start":{"line":13,"column":37},"end":{"line":15,"column":4}},"3":{"start":{"line":17,"column":26},"end":{"line":17,"column":34}},"4":{"start":{"line":19,"column":22},"end":{"line":21,"column":13}},"5":{"start":{"line":20,"column":4},"end":{"line":20,"column":56}},"6":{"start":{"line":20,"column":43},"end":{"line":20,"column":54}},"7":{"start":{"line":23,"column":23},"end":{"line":29,"column":3}},"8":{"start":{"line":25,"column":6},"end":{"line":25,"column":30}},"9":{"start":{"line":25,"column":23},"end":{"line":25,"column":30}},"10":{"start":{"line":26,"column":6},"end":{"line":26,"column":24}},"11":{"start":{"line":31,"column":2},"end":{"line":75,"column":4}},"12":{"start":{"line":36,"column":12},"end":{"line":36,"column":44}},"13":{"start":{"line":49,"column":32},"end":{"line":49,"column":44}},"14":{"start":{"line":50,"column":14},"end":{"line":50,"column":34}},"15":{"start":{"line":63,"column":10},"end":{"line":71,"column":13}},"16":{"start":{"line":67,"column":62},"end":{"line":67,"column":80}}},"fnMap":{"0":{"name":"(anonymous_0)","decl":{"start":{"line":10,"column":20},"end":{"line":10,"column":21}},"loc":{"start":{"line":10,"column":34},"end":{"line":76,"column":1}},"line":10},"1":{"name":"(anonymous_1)","decl":{"start":{"line":19,"column":30},"end":{"line":19,"column":31}},"loc":{"start":{"line":19,"column":36},"end":{"line":21,"column":3}},"line":19},"2":{"name":"(anonymous_2)","decl":{"start":{"line":20,"column":24},"end":{"line":20,"column":25}},"loc":{"start":{"line":20,"column":43},"end":{"line":20,"column":54}},"line":20},"3":{"name":"(anonymous_3)","decl":{"start":{"line":24,"column":4},"end":{"line":24,"column":5}},"loc":{"start":{"line":24,"column":14},"end":{"line":27,"column":5}},"line":24},"4":{"name":"(anonymous_4)","decl":{"start":{"line":35,"column":19},"end":{"line":35,"column":20}},"loc":{"start":{"line":35,"column":25},"end":{"line":37,"column":11}},"line":35},"5":{"name":"(anonymous_5)","decl":{"start":{"line":48,"column":22},"end":{"line":48,"column":23}},"loc":{"start":{"line":48,"column":33},"end":{"line":51,"column":13}},"line":48},"6":{"name":"(anonymous_6)","decl":{"start":{"line":62,"column":27},"end":{"line":62,"column":28}},"loc":{"start":{"line":63,"column":10},"end":{"line":71,"column":13}},"line":63},"7":{"name":"(anonymous_7)","decl":{"start":{"line":67,"column":56},"end":{"line":67,"column":57}},"loc":{"start":{"line":67,"column":62},"end":{"line":67,"column":80}},"line":67}},"branchMap":{"0":{"loc":{"start":{"line":11,"column":11},"end":{"line":11,"column":21}},"type":"default-arg","locations":[{"start":{"line":11,"column":19},"end":{"line":11,"column":21}}],"line":11},"1":{"loc":{"start":{"line":25,"column":6},"end":{"line":25,"column":30}},"type":"if","locations":[{"start":{"line":25,"column":6},"end":{"line":25,"column":30}},{"start":{"line":25,"column":6},"end":{"line":25,"column":30}}],"line":25},"2":{"loc":{"start":{"line":62,"column":10},"end":{"line":62,"column":21}},"type":"binary-expr","locations":[{"start":{"line":62,"column":10},"end":{"line":62,"column":15}},{"start":{"line":62,"column":19},"end":{"line":62,"column":21}}],"line":62},"3":{"loc":{"start":{"line":70,"column":13},"end":{"line":70,"column":82}},"type":"binary-expr","locations":[{"start":{"line":70,"column":13},"end":{"line":70,"column":27}},{"start":{"line":70,"column":31},"end":{"line":70,"column":82}}],"line":70}},"s":{"0":0,"1":0,"2":0,"3":0,"4":0,"5":0,"6":0,"7":0,"8":0,"9":0,"10":0,"11":0,"12":0,"13":0,"14":0,"15":0,"16":0},"f":{"0":0,"1":0,"2":0,"3":0,"4":0,"5":0,"6":0,"7":0},"b":{"0":[0],"1":[0,0],"2":[0,0],"3":[0,0]}}
,"/home/phungmai/Documents/AssetsManagement/src/components/PhotoUpload/PhotoUpload.styles.js": {"path":"/home/phungmai/Documents/AssetsManagement/src/components/PhotoUpload/PhotoUpload.styles.js","statementMap":{},"fnMap":{},"branchMap":{},"s":{},"f":{},"b":{}}
,"/home/phungmai/Documents/AssetsManagement/src/components/PhotoUploadRenew/PhotoUpload.js": {"path":"/home/phungmai/Documents/AssetsManagement/src/components/PhotoUploadRenew/PhotoUpload.js","statementMap":{"0":{"start":{"line":10,"column":20},"end":{"line":47,"column":1}},"1":{"start":{"line":11,"column":24},"end":{"line":11,"column":44}},"2":{"start":{"line":12,"column":24},"end":{"line":12,"column":44}},"3":{"start":{"line":13,"column":28},"end":{"line":13,"column":46}},"4":{"start":{"line":15,"column":84},"end":{"line":23,"column":4}},"5":{"start":{"line":19,"column":6},"end":{"line":21,"column":9}},"6":{"start":{"line":20,"column":8},"end":{"line":20,"column":26}},"7":{"start":{"line":25,"column":2},"end":{"line":46,"column":4}},"8":{"start":{"line":37,"column":10},"end":{"line":42,"column":16}},"9":{"start":{"line":41,"column":75},"end":{"line":41,"column":92}}},"fnMap":{"0":{"name":"(anonymous_0)","decl":{"start":{"line":10,"column":20},"end":{"line":10,"column":21}},"loc":{"start":{"line":10,"column":34},"end":{"line":47,"column":1}},"line":10},"1":{"name":"(anonymous_1)","decl":{"start":{"line":18,"column":12},"end":{"line":18,"column":13}},"loc":{"start":{"line":18,"column":31},"end":{"line":22,"column":5}},"line":18},"2":{"name":"(anonymous_2)","decl":{"start":{"line":19,"column":24},"end":{"line":19,"column":25}},"loc":{"start":{"line":19,"column":34},"end":{"line":21,"column":7}},"line":19},"3":{"name":"(anonymous_3)","decl":{"start":{"line":36,"column":27},"end":{"line":36,"column":28}},"loc":{"start":{"line":37,"column":10},"end":{"line":42,"column":16}},"line":37},"4":{"name":"(anonymous_4)","decl":{"start":{"line":41,"column":69},"end":{"line":41,"column":70}},"loc":{"start":{"line":41,"column":75},"end":{"line":41,"column":92}},"line":41}},"branchMap":{"0":{"loc":{"start":{"line":34,"column":7},"end":{"line":34,"column":113}},"type":"binary-expr","locations":[{"start":{"line":34,"column":7},"end":{"line":34,"column":19}},{"start":{"line":34,"column":23},"end":{"line":34,"column":113}}],"line":34},"1":{"loc":{"start":{"line":36,"column":10},"end":{"line":36,"column":21}},"type":"binary-expr","locations":[{"start":{"line":36,"column":10},"end":{"line":36,"column":15}},{"start":{"line":36,"column":19},"end":{"line":36,"column":21}}],"line":36},"2":{"loc":{"start":{"line":41,"column":13},"end":{"line":41,"column":96}},"type":"binary-expr","locations":[{"start":{"line":41,"column":13},"end":{"line":41,"column":25}},{"start":{"line":41,"column":29},"end":{"line":41,"column":96}}],"line":41}},"s":{"0":1,"1":1,"2":1,"3":1,"4":1,"5":0,"6":0,"7":1,"8":0,"9":0},"f":{"0":1,"1":0,"2":0,"3":0,"4":0},"b":{"0":[1,0],"1":[1,0],"2":[0,0]},"_coverageSchema":"1a1c01bbd47fc00a2c39e90264f33305004495a9","hash":"696a72e839c3550feb574756eb35f7bdaacbc487"}
,"/home/phungmai/Documents/AssetsManagement/src/components/PhotoUploadRenew/PhotoUpload.styles.js": {"path":"/home/phungmai/Documents/AssetsManagement/src/components/PhotoUploadRenew/PhotoUpload.styles.js","statementMap":{"0":{"start":{"line":3,"column":17},"end":{"line":14,"column":1}},"1":{"start":{"line":4,"column":2},"end":{"line":6,"column":3}},"2":{"start":{"line":5,"column":4},"end":{"line":5,"column":21}},"3":{"start":{"line":7,"column":2},"end":{"line":9,"column":3}},"4":{"start":{"line":8,"column":4},"end":{"line":8,"column":21}},"5":{"start":{"line":10,"column":2},"end":{"line":12,"column":3}},"6":{"start":{"line":11,"column":4},"end":{"line":11,"column":21}},"7":{"start":{"line":13,"column":2},"end":{"line":13,"column":19}},"8":{"start":{"line":16,"column":23},"end":{"line":37,"column":1}},"9":{"start":{"line":25,"column":29},"end":{"line":25,"column":44}}},"fnMap":{"0":{"name":"(anonymous_0)","decl":{"start":{"line":3,"column":17},"end":{"line":3,"column":18}},"loc":{"start":{"line":3,"column":28},"end":{"line":14,"column":1}},"line":3},"1":{"name":"(anonymous_1)","decl":{"start":{"line":25,"column":18},"end":{"line":25,"column":19}},"loc":{"start":{"line":25,"column":29},"end":{"line":25,"column":44}},"line":25}},"branchMap":{"0":{"loc":{"start":{"line":4,"column":2},"end":{"line":6,"column":3}},"type":"if","locations":[{"start":{"line":4,"column":2},"end":{"line":6,"column":3}},{"start":{"line":4,"column":2},"end":{"line":6,"column":3}}],"line":4},"1":{"loc":{"start":{"line":7,"column":2},"end":{"line":9,"column":3}},"type":"if","locations":[{"start":{"line":7,"column":2},"end":{"line":9,"column":3}},{"start":{"line":7,"column":2},"end":{"line":9,"column":3}}],"line":7},"2":{"loc":{"start":{"line":10,"column":2},"end":{"line":12,"column":3}},"type":"if","locations":[{"start":{"line":10,"column":2},"end":{"line":12,"column":3}},{"start":{"line":10,"column":2},"end":{"line":12,"column":3}}],"line":10}},"s":{"0":1,"1":1,"2":0,"3":1,"4":0,"5":1,"6":0,"7":1,"8":1,"9":1},"f":{"0":1,"1":1},"b":{"0":[0,1],"1":[0,1],"2":[0,1]},"_coverageSchema":"1a1c01bbd47fc00a2c39e90264f33305004495a9","hash":"ea374aaa03dee826b8e01aac44ae441958468b10"}
,"/home/phungmai/Documents/AssetsManagement/src/components/TablePaginationData/TablePaginationData.js": {"path":"/home/phungmai/Documents/AssetsManagement/src/components/TablePaginationData/TablePaginationData.js","statementMap":{"0":{"start":{"line":8,"column":28},"end":{"line":98,"column":1}},"1":{"start":{"line":9,"column":43},"end":{"line":9,"column":54}},"2":{"start":{"line":10,"column":42},"end":{"line":10,"column":53}},"3":{"start":{"line":12,"column":21},"end":{"line":12,"column":32}},"4":{"start":{"line":14,"column":26},"end":{"line":14,"column":52}},"5":{"start":{"line":15,"column":27},"end":{"line":15,"column":57}},"6":{"start":{"line":16,"column":27},"end":{"line":16,"column":72}},"7":{"start":{"line":17,"column":34},"end":{"line":17,"column":60}},"8":{"start":{"line":19,"column":35},"end":{"line":22,"column":3}},"9":{"start":{"line":20,"column":19},"end":{"line":20,"column":33}},"10":{"start":{"line":21,"column":4},"end":{"line":21,"column":28}},"11":{"start":{"line":23,"column":27},"end":{"line":25,"column":3}},"12":{"start":{"line":24,"column":4},"end":{"line":24,"column":34}},"13":{"start":{"line":27,"column":2},"end":{"line":32,"column":40}},"14":{"start":{"line":28,"column":28},"end":{"line":28,"column":54}},"15":{"start":{"line":29,"column":29},"end":{"line":29,"column":59}},"16":{"start":{"line":30,"column":29},"end":{"line":30,"column":74}},"17":{"start":{"line":31,"column":4},"end":{"line":31,"column":34}},"18":{"start":{"line":34,"column":2},"end":{"line":97,"column":4}},"19":{"start":{"line":51,"column":16},"end":{"line":53,"column":21}},"20":{"start":{"line":67,"column":16},"end":{"line":73,"column":21}},"21":{"start":{"line":69,"column":20},"end":{"line":71,"column":25}}},"fnMap":{"0":{"name":"(anonymous_0)","decl":{"start":{"line":8,"column":28},"end":{"line":8,"column":29}},"loc":{"start":{"line":8,"column":60},"end":{"line":98,"column":1}},"line":8},"1":{"name":"(anonymous_1)","decl":{"start":{"line":19,"column":35},"end":{"line":19,"column":36}},"loc":{"start":{"line":19,"column":42},"end":{"line":22,"column":3}},"line":19},"2":{"name":"(anonymous_2)","decl":{"start":{"line":23,"column":27},"end":{"line":23,"column":28}},"loc":{"start":{"line":23,"column":43},"end":{"line":25,"column":3}},"line":23},"3":{"name":"(anonymous_3)","decl":{"start":{"line":27,"column":12},"end":{"line":27,"column":13}},"loc":{"start":{"line":27,"column":18},"end":{"line":32,"column":3}},"line":27},"4":{"name":"(anonymous_4)","decl":{"start":{"line":50,"column":27},"end":{"line":50,"column":28}},"loc":{"start":{"line":51,"column":16},"end":{"line":53,"column":21}},"line":51},"5":{"name":"(anonymous_5)","decl":{"start":{"line":66,"column":27},"end":{"line":66,"column":28}},"loc":{"start":{"line":67,"column":16},"end":{"line":73,"column":21}},"line":67},"6":{"name":"(anonymous_6)","decl":{"start":{"line":68,"column":31},"end":{"line":68,"column":32}},"loc":{"start":{"line":69,"column":20},"end":{"line":71,"column":25}},"line":69}},"branchMap":{"0":{"loc":{"start":{"line":58,"column":13},"end":{"line":64,"column":13}},"type":"binary-expr","locations":[{"start":{"line":58,"column":13},"end":{"line":58,"column":20}},{"start":{"line":59,"column":14},"end":{"line":63,"column":19}}],"line":58},"1":{"loc":{"start":{"line":65,"column":13},"end":{"line":74,"column":16}},"type":"binary-expr","locations":[{"start":{"line":65,"column":13},"end":{"line":65,"column":21}},{"start":{"line":66,"column":14},"end":{"line":74,"column":16}}],"line":65},"2":{"loc":{"start":{"line":75,"column":13},"end":{"line":81,"column":13}},"type":"binary-expr","locations":[{"start":{"line":75,"column":13},"end":{"line":75,"column":21}},{"start":{"line":75,"column":25},"end":{"line":75,"column":37}},{"start":{"line":76,"column":14},"end":{"line":80,"column":19}}],"line":75}},"s":{"0":0,"1":0,"2":0,"3":0,"4":0,"5":0,"6":0,"7":0,"8":0,"9":0,"10":0,"11":0,"12":0,"13":0,"14":0,"15":0,"16":0,"17":0,"18":0,"19":0,"20":0,"21":0},"f":{"0":0,"1":0,"2":0,"3":0,"4":0,"5":0,"6":0},"b":{"0":[0,0],"1":[0,0],"2":[0,0,0]}}
,"/home/phungmai/Documents/AssetsManagement/src/components/TablePaginationData/TablePaginationData.style.js": {"path":"/home/phungmai/Documents/AssetsManagement/src/components/TablePaginationData/TablePaginationData.style.js","statementMap":{"0":{"start":{"line":3,"column":16},"end":{"line":52,"column":1}}},"fnMap":{},"branchMap":{},"s":{"0":0},"f":{},"b":{}}
,"/home/phungmai/Documents/AssetsManagement/src/components/header/header.js": {"path":"/home/phungmai/Documents/AssetsManagement/src/components/header/header.js","statementMap":{"0":{"start":{"line":13,"column":23},"end":{"line":13,"column":33}},"1":{"start":{"line":14,"column":18},"end":{"line":14,"column":30}},"2":{"start":{"line":15,"column":48},"end":{"line":15,"column":63}},"3":{"start":{"line":16,"column":17},"end":{"line":25,"column":25}},"4":{"start":{"line":17,"column":4},"end":{"line":24,"column":9}},"5":{"start":{"line":20,"column":8},"end":{"line":20,"column":36}},"6":{"start":{"line":23,"column":8},"end":{"line":23,"column":63}},"7":{"start":{"line":27,"column":2},"end":{"line":60,"column":4}},"8":{"start":{"line":48,"column":53},"end":{"line":48,"column":77}}},"fnMap":{"0":{"name":"Header","decl":{"start":{"line":12,"column":9},"end":{"line":12,"column":15}},"loc":{"start":{"line":12,"column":18},"end":{"line":61,"column":1}},"line":12},"1":{"name":"(anonymous_1)","decl":{"start":{"line":16,"column":29},"end":{"line":16,"column":30}},"loc":{"start":{"line":16,"column":35},"end":{"line":25,"column":3}},"line":16},"2":{"name":"(anonymous_2)","decl":{"start":{"line":19,"column":12},"end":{"line":19,"column":13}},"loc":{"start":{"line":19,"column":18},"end":{"line":21,"column":7}},"line":19},"3":{"name":"(anonymous_3)","decl":{"start":{"line":22,"column":13},"end":{"line":22,"column":14}},"loc":{"start":{"line":22,"column":24},"end":{"line":24,"column":7}},"line":22},"4":{"name":"(anonymous_4)","decl":{"start":{"line":48,"column":47},"end":{"line":48,"column":48}},"loc":{"start":{"line":48,"column":53},"end":{"line":48,"column":77}},"line":48}},"branchMap":{"0":{"loc":{"start":{"line":57,"column":9},"end":{"line":57,"column":80}},"type":"binary-expr","locations":[{"start":{"line":57,"column":9},"end":{"line":57,"column":24}},{"start":{"line":57,"column":28},"end":{"line":57,"column":80}}],"line":57}},"s":{"0":0,"1":0,"2":0,"3":0,"4":0,"5":0,"6":0,"7":0,"8":0},"f":{"0":0,"1":0,"2":0,"3":0,"4":0},"b":{"0":[0,0]}}
,"/home/phungmai/Documents/AssetsManagement/src/components/menu/menu.js": {"path":"/home/phungmai/Documents/AssetsManagement/src/components/menu/menu.js","statementMap":{"0":{"start":{"line":9,"column":22},"end":{"line":9,"column":46}},"1":{"start":{"line":11,"column":2},"end":{"line":41,"column":4}}},"fnMap":{"0":{"name":"Menu","decl":{"start":{"line":8,"column":9},"end":{"line":8,"column":13}},"loc":{"start":{"line":8,"column":16},"end":{"line":42,"column":1}},"line":8}},"branchMap":{"0":{"loc":{"start":{"line":15,"column":33},"end":{"line":15,"column":93}},"type":"cond-expr","locations":[{"start":{"line":15,"column":80},"end":{"line":15,"column":88}},{"start":{"line":15,"column":91},"end":{"line":15,"column":93}}],"line":15},"1":{"loc":{"start":{"line":24,"column":33},"end":{"line":24,"column":90}},"type":"cond-expr","locations":[{"start":{"line":24,"column":77},"end":{"line":24,"column":85}},{"start":{"line":24,"column":88},"end":{"line":24,"column":90}}],"line":24},"2":{"loc":{"start":{"line":33,"column":33},"end":{"line":33,"column":99}},"type":"cond-expr","locations":[{"start":{"line":33,"column":86},"end":{"line":33,"column":94}},{"start":{"line":33,"column":97},"end":{"line":33,"column":99}}],"line":33}},"s":{"0":0,"1":0},"f":{"0":0},"b":{"0":[0,0],"1":[0,0],"2":[0,0]}}
,"/home/phungmai/Documents/AssetsManagement/src/components/multipleImageUpload/multipleImageUpload.js": {"path":"/home/phungmai/Documents/AssetsManagement/src/components/multipleImageUpload/multipleImageUpload.js","statementMap":{"0":{"start":{"line":5,"column":28},"end":{"line":32,"column":1}},"1":{"start":{"line":6,"column":34},"end":{"line":6,"column":48}},"2":{"start":{"line":8,"column":28},"end":{"line":12,"column":3}},"3":{"start":{"line":9,"column":17},"end":{"line":9,"column":34}},"4":{"start":{"line":10,"column":16},"end":{"line":10,"column":41}},"5":{"start":{"line":11,"column":4},"end":{"line":11,"column":21}},"6":{"start":{"line":14,"column":28},"end":{"line":16,"column":3}},"7":{"start":{"line":15,"column":4},"end":{"line":15,"column":22}},"8":{"start":{"line":18,"column":2},"end":{"line":31,"column":4}}},"fnMap":{"0":{"name":"(anonymous_0)","decl":{"start":{"line":5,"column":28},"end":{"line":5,"column":29}},"loc":{"start":{"line":5,"column":34},"end":{"line":32,"column":1}},"line":5},"1":{"name":"(anonymous_1)","decl":{"start":{"line":8,"column":28},"end":{"line":8,"column":29}},"loc":{"start":{"line":8,"column":35},"end":{"line":12,"column":3}},"line":8},"2":{"name":"(anonymous_2)","decl":{"start":{"line":14,"column":28},"end":{"line":14,"column":29}},"loc":{"start":{"line":14,"column":34},"end":{"line":16,"column":3}},"line":14}},"branchMap":{"0":{"loc":{"start":{"line":20,"column":7},"end":{"line":29,"column":7}},"type":"cond-expr","locations":[{"start":{"line":21,"column":8},"end":{"line":21,"column":67}},{"start":{"line":23,"column":8},"end":{"line":28,"column":14}}],"line":20}},"s":{"0":0,"1":0,"2":0,"3":0,"4":0,"5":0,"6":0,"7":0,"8":0},"f":{"0":0,"1":0,"2":0},"b":{"0":[0,0]}}
,"/home/phungmai/Documents/AssetsManagement/src/containers/Categories/Categories.js": {"path":"/home/phungmai/Documents/AssetsManagement/src/containers/Categories/Categories.js","statementMap":{"0":{"start":{"line":14,"column":46},"end":{"line":14,"column":56}},"1":{"start":{"line":15,"column":52},"end":{"line":15,"column":62}},"2":{"start":{"line":17,"column":51},"end":{"line":17,"column":82}},"3":{"start":{"line":19,"column":19},"end":{"line":25,"column":4}},"4":{"start":{"line":23,"column":6},"end":{"line":23,"column":14}},"5":{"start":{"line":27,"column":26},"end":{"line":56,"column":41}},"6":{"start":{"line":28,"column":4},"end":{"line":28,"column":61}},"7":{"start":{"line":28,"column":51},"end":{"line":28,"column":61}},"8":{"start":{"line":29,"column":4},"end":{"line":55,"column":8}},"9":{"start":{"line":29,"column":50},"end":{"line":55,"column":5}},"10":{"start":{"line":37,"column":12},"end":{"line":37,"column":38}},"11":{"start":{"line":49,"column":12},"end":{"line":49,"column":41}},"12":{"start":{"line":58,"column":34},"end":{"line":58,"column":49}},"13":{"start":{"line":60,"column":22},"end":{"line":62,"column":3}},"14":{"start":{"line":61,"column":4},"end":{"line":61,"column":27}},"15":{"start":{"line":64,"column":2},"end":{"line":130,"column":4}},"16":{"start":{"line":105,"column":10},"end":{"line":105,"column":19}},"17":{"start":{"line":106,"column":10},"end":{"line":106,"column":37}},"18":{"start":{"line":108,"column":24},"end":{"line":108,"column":50}},"19":{"start":{"line":127,"column":44},"end":{"line":127,"column":62}},"20":{"start":{"line":128,"column":75},"end":{"line":128,"column":98}}},"fnMap":{"0":{"name":"Categories","decl":{"start":{"line":13,"column":24},"end":{"line":13,"column":34}},"loc":{"start":{"line":13,"column":37},"end":{"line":131,"column":1}},"line":13},"1":{"name":"(anonymous_1)","decl":{"start":{"line":22,"column":14},"end":{"line":22,"column":15}},"loc":{"start":{"line":22,"column":20},"end":{"line":24,"column":5}},"line":22},"2":{"name":"(anonymous_2)","decl":{"start":{"line":27,"column":34},"end":{"line":27,"column":35}},"loc":{"start":{"line":27,"column":40},"end":{"line":56,"column":3}},"line":27},"3":{"name":"(anonymous_3)","decl":{"start":{"line":29,"column":30},"end":{"line":29,"column":31}},"loc":{"start":{"line":29,"column":50},"end":{"line":55,"column":5}},"line":29},"4":{"name":"(anonymous_4)","decl":{"start":{"line":36,"column":19},"end":{"line":36,"column":20}},"loc":{"start":{"line":36,"column":25},"end":{"line":38,"column":11}},"line":36},"5":{"name":"(anonymous_5)","decl":{"start":{"line":48,"column":19},"end":{"line":48,"column":20}},"loc":{"start":{"line":48,"column":25},"end":{"line":50,"column":11}},"line":48},"6":{"name":"(anonymous_6)","decl":{"start":{"line":60,"column":22},"end":{"line":60,"column":23}},"loc":{"start":{"line":60,"column":28},"end":{"line":62,"column":3}},"line":60},"7":{"name":"(anonymous_7)","decl":{"start":{"line":104,"column":19},"end":{"line":104,"column":20}},"loc":{"start":{"line":104,"column":25},"end":{"line":107,"column":9}},"line":104},"8":{"name":"(anonymous_8)","decl":{"start":{"line":108,"column":18},"end":{"line":108,"column":19}},"loc":{"start":{"line":108,"column":24},"end":{"line":108,"column":50}},"line":108},"9":{"name":"(anonymous_9)","decl":{"start":{"line":127,"column":38},"end":{"line":127,"column":39}},"loc":{"start":{"line":127,"column":44},"end":{"line":127,"column":62}},"line":127},"10":{"name":"(anonymous_10)","decl":{"start":{"line":128,"column":69},"end":{"line":128,"column":70}},"loc":{"start":{"line":128,"column":75},"end":{"line":128,"column":98}},"line":128}},"branchMap":{"0":{"loc":{"start":{"line":28,"column":4},"end":{"line":28,"column":61}},"type":"if","locations":[{"start":{"line":28,"column":4},"end":{"line":28,"column":61}},{"start":{"line":28,"column":4},"end":{"line":28,"column":61}}],"line":28},"1":{"loc":{"start":{"line":28,"column":8},"end":{"line":28,"column":49}},"type":"binary-expr","locations":[{"start":{"line":28,"column":8},"end":{"line":28,"column":23}},{"start":{"line":28,"column":27},"end":{"line":28,"column":49}}],"line":28},"2":{"loc":{"start":{"line":127,"column":7},"end":{"line":127,"column":66}},"type":"binary-expr","locations":[{"start":{"line":127,"column":7},"end":{"line":127,"column":15}},{"start":{"line":127,"column":19},"end":{"line":127,"column":66}}],"line":127},"3":{"loc":{"start":{"line":128,"column":7},"end":{"line":128,"column":102}},"type":"binary-expr","locations":[{"start":{"line":128,"column":7},"end":{"line":128,"column":21}},{"start":{"line":128,"column":25},"end":{"line":128,"column":102}}],"line":128}},"s":{"0":0,"1":0,"2":0,"3":0,"4":0,"5":0,"6":0,"7":0,"8":0,"9":0,"10":0,"11":0,"12":0,"13":0,"14":0,"15":0,"16":0,"17":0,"18":0,"19":0,"20":0},"f":{"0":0,"1":0,"2":0,"3":0,"4":0,"5":0,"6":0,"7":0,"8":0,"9":0,"10":0},"b":{"0":[0,0],"1":[0,0],"2":[0,0],"3":[0,0]}}
,"/home/phungmai/Documents/AssetsManagement/src/containers/Categories/Categories.style.js": {"path":"/home/phungmai/Documents/AssetsManagement/src/containers/Categories/Categories.style.js","statementMap":{"0":{"start":{"line":3,"column":16},"end":{"line":44,"column":1}}},"fnMap":{},"branchMap":{},"s":{"0":0},"f":{},"b":{}}
,"/home/phungmai/Documents/AssetsManagement/src/containers/Categories/ModalAddCategory/ModalAddCategory.js": {"path":"/home/phungmai/Documents/AssetsManagement/src/containers/Categories/ModalAddCategory/ModalAddCategory.js","statementMap":{"0":{"start":{"line":9,"column":25},"end":{"line":102,"column":1}},"1":{"start":{"line":21,"column":2},"end":{"line":101,"column":4}},"2":{"start":{"line":41,"column":80},"end":{"line":41,"column":105}},"3":{"start":{"line":58,"column":80},"end":{"line":58,"column":108}},"4":{"start":{"line":77,"column":80},"end":{"line":77,"column":105}}},"fnMap":{"0":{"name":"(anonymous_0)","decl":{"start":{"line":9,"column":25},"end":{"line":9,"column":26}},"loc":{"start":{"line":20,"column":6},"end":{"line":102,"column":1}},"line":20},"1":{"name":"(anonymous_1)","decl":{"start":{"line":41,"column":74},"end":{"line":41,"column":75}},"loc":{"start":{"line":41,"column":80},"end":{"line":41,"column":105}},"line":41},"2":{"name":"(anonymous_2)","decl":{"start":{"line":58,"column":74},"end":{"line":58,"column":75}},"loc":{"start":{"line":58,"column":80},"end":{"line":58,"column":108}},"line":58},"3":{"name":"(anonymous_3)","decl":{"start":{"line":77,"column":74},"end":{"line":77,"column":75}},"loc":{"start":{"line":77,"column":80},"end":{"line":77,"column":105}},"line":77}},"branchMap":{"0":{"loc":{"start":{"line":24,"column":22},"end":{"line":24,"column":82}},"type":"cond-expr","locations":[{"start":{"line":24,"column":31},"end":{"line":24,"column":56}},{"start":{"line":24,"column":59},"end":{"line":24,"column":82}}],"line":24},"1":{"loc":{"start":{"line":38,"column":27},"end":{"line":38,"column":56}},"type":"binary-expr","locations":[{"start":{"line":38,"column":27},"end":{"line":38,"column":39}},{"start":{"line":38,"column":43},"end":{"line":38,"column":56}}],"line":38},"2":{"loc":{"start":{"line":40,"column":15},"end":{"line":42,"column":15}},"type":"binary-expr","locations":[{"start":{"line":40,"column":15},"end":{"line":40,"column":28}},{"start":{"line":41,"column":16},"end":{"line":41,"column":109}}],"line":40},"3":{"loc":{"start":{"line":55,"column":27},"end":{"line":55,"column":62}},"type":"binary-expr","locations":[{"start":{"line":55,"column":27},"end":{"line":55,"column":42}},{"start":{"line":55,"column":46},"end":{"line":55,"column":62}}],"line":55},"4":{"loc":{"start":{"line":57,"column":15},"end":{"line":59,"column":15}},"type":"binary-expr","locations":[{"start":{"line":57,"column":15},"end":{"line":57,"column":31}},{"start":{"line":58,"column":16},"end":{"line":58,"column":112}}],"line":57},"5":{"loc":{"start":{"line":74,"column":27},"end":{"line":74,"column":56}},"type":"binary-expr","locations":[{"start":{"line":74,"column":27},"end":{"line":74,"column":39}},{"start":{"line":74,"column":43},"end":{"line":74,"column":56}}],"line":74},"6":{"loc":{"start":{"line":76,"column":15},"end":{"line":78,"column":15}},"type":"binary-expr","locations":[{"start":{"line":76,"column":15},"end":{"line":76,"column":28}},{"start":{"line":77,"column":16},"end":{"line":77,"column":109}}],"line":76},"7":{"loc":{"start":{"line":94,"column":19},"end":{"line":94,"column":46}},"type":"cond-expr","locations":[{"start":{"line":94,"column":28},"end":{"line":94,"column":34}},{"start":{"line":94,"column":37},"end":{"line":94,"column":46}}],"line":94},"8":{"loc":{"start":{"line":97,"column":11},"end":{"line":97,"column":46}},"type":"cond-expr","locations":[{"start":{"line":97,"column":21},"end":{"line":97,"column":31}},{"start":{"line":97,"column":34},"end":{"line":97,"column":46}}],"line":97}},"s":{"0":0,"1":0,"2":0,"3":0,"4":0},"f":{"0":0,"1":0,"2":0,"3":0},"b":{"0":[0,0],"1":[0,0],"2":[0,0],"3":[0,0],"4":[0,0],"5":[0,0],"6":[0,0],"7":[0,0],"8":[0,0]}}
,"/home/phungmai/Documents/AssetsManagement/src/containers/Categories/ModalAddCategory/ModalAddCategory.styles.js": {"path":"/home/phungmai/Documents/AssetsManagement/src/containers/Categories/ModalAddCategory/ModalAddCategory.styles.js","statementMap":{"0":{"start":{"line":4,"column":21},"end":{"line":16,"column":1}}},"fnMap":{},"branchMap":{},"s":{"0":0},"f":{},"b":{}}
,"/home/phungmai/Documents/AssetsManagement/src/containers/DeliveryReports/DeliveryReportForm/DeliveryReportForm.js": {"path":"/home/phungmai/Documents/AssetsManagement/src/containers/DeliveryReports/DeliveryReportForm/DeliveryReportForm.js","statementMap":{"0":{"start":{"line":16,"column":17},"end":{"line":172,"column":1}},"1":{"start":{"line":17,"column":41},"end":{"line":17,"column":69}},"2":{"start":{"line":19,"column":21},"end":{"line":28,"column":3}},"3":{"start":{"line":30,"column":2},"end":{"line":32,"column":3}},"4":{"start":{"line":31,"column":4},"end":{"line":31,"column":23}},"5":{"start":{"line":34,"column":2},"end":{"line":171,"column":4}},"6":{"start":{"line":65,"column":78},"end":{"line":65,"column":108}},"7":{"start":{"line":80,"column":16},"end":{"line":83,"column":17}},"8":{"start":{"line":81,"column":18},"end":{"line":81,"column":61}},"9":{"start":{"line":82,"column":18},"end":{"line":82,"column":25}},"10":{"start":{"line":84,"column":16},"end":{"line":84,"column":63}},"11":{"start":{"line":97,"column":16},"end":{"line":100,"column":17}},"12":{"start":{"line":98,"column":18},"end":{"line":98,"column":59}},"13":{"start":{"line":99,"column":18},"end":{"line":99,"column":25}},"14":{"start":{"line":101,"column":16},"end":{"line":101,"column":61}},"15":{"start":{"line":115,"column":31},"end":{"line":115,"column":70}},"16":{"start":{"line":120,"column":16},"end":{"line":122,"column":25}},"17":{"start":{"line":152,"column":78},"end":{"line":152,"column":103}}},"fnMap":{"0":{"name":"(anonymous_0)","decl":{"start":{"line":16,"column":17},"end":{"line":16,"column":18}},"loc":{"start":{"line":16,"column":115},"end":{"line":172,"column":1}},"line":16},"1":{"name":"(anonymous_1)","decl":{"start":{"line":65,"column":72},"end":{"line":65,"column":73}},"loc":{"start":{"line":65,"column":78},"end":{"line":65,"column":108}},"line":65},"2":{"name":"(anonymous_2)","decl":{"start":{"line":79,"column":24},"end":{"line":79,"column":25}},"loc":{"start":{"line":79,"column":34},"end":{"line":85,"column":15}},"line":79},"3":{"name":"(anonymous_3)","decl":{"start":{"line":96,"column":24},"end":{"line":96,"column":25}},"loc":{"start":{"line":96,"column":34},"end":{"line":102,"column":15}},"line":96},"4":{"name":"(anonymous_4)","decl":{"start":{"line":115,"column":24},"end":{"line":115,"column":25}},"loc":{"start":{"line":115,"column":31},"end":{"line":115,"column":70}},"line":115},"5":{"name":"(anonymous_5)","decl":{"start":{"line":119,"column":39},"end":{"line":119,"column":40}},"loc":{"start":{"line":120,"column":16},"end":{"line":122,"column":25}},"line":120},"6":{"name":"(anonymous_6)","decl":{"start":{"line":152,"column":72},"end":{"line":152,"column":73}},"loc":{"start":{"line":152,"column":78},"end":{"line":152,"column":103}},"line":152}},"branchMap":{"0":{"loc":{"start":{"line":26,"column":13},"end":{"line":26,"column":45}},"type":"cond-expr","locations":[{"start":{"line":26,"column":22},"end":{"line":26,"column":33}},{"start":{"line":26,"column":36},"end":{"line":26,"column":45}}],"line":26},"1":{"loc":{"start":{"line":30,"column":2},"end":{"line":32,"column":3}},"type":"if","locations":[{"start":{"line":30,"column":2},"end":{"line":32,"column":3}},{"start":{"line":30,"column":2},"end":{"line":32,"column":3}}],"line":30},"2":{"loc":{"start":{"line":45,"column":43},"end":{"line":45,"column":70}},"type":"cond-expr","locations":[{"start":{"line":45,"column":52},"end":{"line":45,"column":58}},{"start":{"line":45,"column":61},"end":{"line":45,"column":70}}],"line":45},"3":{"loc":{"start":{"line":46,"column":15},"end":{"line":46,"column":63}},"type":"cond-expr","locations":[{"start":{"line":46,"column":24},"end":{"line":46,"column":42}},{"start":{"line":46,"column":45},"end":{"line":46,"column":63}}],"line":46},"4":{"loc":{"start":{"line":47,"column":21},"end":{"line":47,"column":60}},"type":"cond-expr","locations":[{"start":{"line":47,"column":30},"end":{"line":47,"column":48}},{"start":{"line":47,"column":51},"end":{"line":47,"column":60}}],"line":47},"5":{"loc":{"start":{"line":62,"column":25},"end":{"line":62,"column":64}},"type":"binary-expr","locations":[{"start":{"line":62,"column":25},"end":{"line":62,"column":42}},{"start":{"line":62,"column":46},"end":{"line":62,"column":64}}],"line":62},"6":{"loc":{"start":{"line":64,"column":13},"end":{"line":66,"column":13}},"type":"binary-expr","locations":[{"start":{"line":64,"column":13},"end":{"line":64,"column":31}},{"start":{"line":65,"column":14},"end":{"line":65,"column":112}}],"line":64},"7":{"loc":{"start":{"line":73,"column":49},"end":{"line":73,"column":113}},"type":"cond-expr","locations":[{"start":{"line":73,"column":97},"end":{"line":73,"column":108}},{"start":{"line":73,"column":111},"end":{"line":73,"column":113}}],"line":73},"8":{"loc":{"start":{"line":73,"column":49},"end":{"line":73,"column":94}},"type":"binary-expr","locations":[{"start":{"line":73,"column":49},"end":{"line":73,"column":70}},{"start":{"line":73,"column":74},"end":{"line":73,"column":94}}],"line":73},"9":{"loc":{"start":{"line":80,"column":16},"end":{"line":83,"column":17}},"type":"if","locations":[{"start":{"line":80,"column":16},"end":{"line":83,"column":17}},{"start":{"line":80,"column":16},"end":{"line":83,"column":17}}],"line":80},"10":{"loc":{"start":{"line":86,"column":21},"end":{"line":86,"column":55}},"type":"binary-expr","locations":[{"start":{"line":86,"column":21},"end":{"line":86,"column":41}},{"start":{"line":86,"column":45},"end":{"line":86,"column":55}}],"line":86},"11":{"loc":{"start":{"line":88,"column":13},"end":{"line":88,"column":113}},"type":"binary-expr","locations":[{"start":{"line":88,"column":13},"end":{"line":88,"column":35}},{"start":{"line":88,"column":39},"end":{"line":88,"column":62}},{"start":{"line":88,"column":66},"end":{"line":88,"column":113}}],"line":88},"12":{"loc":{"start":{"line":90,"column":49},"end":{"line":90,"column":109}},"type":"cond-expr","locations":[{"start":{"line":90,"column":93},"end":{"line":90,"column":104}},{"start":{"line":90,"column":107},"end":{"line":90,"column":109}}],"line":90},"13":{"loc":{"start":{"line":90,"column":49},"end":{"line":90,"column":90}},"type":"binary-expr","locations":[{"start":{"line":90,"column":49},"end":{"line":90,"column":68}},{"start":{"line":90,"column":72},"end":{"line":90,"column":90}}],"line":90},"14":{"loc":{"start":{"line":97,"column":16},"end":{"line":100,"column":17}},"type":"if","locations":[{"start":{"line":97,"column":16},"end":{"line":100,"column":17}},{"start":{"line":97,"column":16},"end":{"line":100,"column":17}}],"line":97},"15":{"loc":{"start":{"line":103,"column":21},"end":{"line":103,"column":45}},"type":"binary-expr","locations":[{"start":{"line":103,"column":21},"end":{"line":103,"column":39}},{"start":{"line":103,"column":43},"end":{"line":103,"column":45}}],"line":103},"16":{"loc":{"start":{"line":105,"column":13},"end":{"line":105,"column":107}},"type":"binary-expr","locations":[{"start":{"line":105,"column":13},"end":{"line":105,"column":33}},{"start":{"line":105,"column":37},"end":{"line":105,"column":58}},{"start":{"line":105,"column":62},"end":{"line":105,"column":107}}],"line":105},"17":{"loc":{"start":{"line":117,"column":25},"end":{"line":117,"column":60}},"type":"binary-expr","locations":[{"start":{"line":117,"column":25},"end":{"line":117,"column":40}},{"start":{"line":117,"column":44},"end":{"line":117,"column":60}}],"line":117},"18":{"loc":{"start":{"line":119,"column":16},"end":{"line":119,"column":33}},"type":"binary-expr","locations":[{"start":{"line":119,"column":16},"end":{"line":119,"column":27}},{"start":{"line":119,"column":31},"end":{"line":119,"column":33}}],"line":119},"19":{"loc":{"start":{"line":131,"column":18},"end":{"line":131,"column":44}},"type":"binary-expr","locations":[{"start":{"line":131,"column":18},"end":{"line":131,"column":38}},{"start":{"line":131,"column":42},"end":{"line":131,"column":44}}],"line":131},"20":{"loc":{"start":{"line":149,"column":25},"end":{"line":149,"column":54}},"type":"binary-expr","locations":[{"start":{"line":149,"column":25},"end":{"line":149,"column":37}},{"start":{"line":149,"column":41},"end":{"line":149,"column":54}}],"line":149},"21":{"loc":{"start":{"line":151,"column":13},"end":{"line":153,"column":13}},"type":"binary-expr","locations":[{"start":{"line":151,"column":13},"end":{"line":151,"column":26}},{"start":{"line":152,"column":14},"end":{"line":152,"column":107}}],"line":151},"22":{"loc":{"start":{"line":163,"column":43},"end":{"line":163,"column":70}},"type":"cond-expr","locations":[{"start":{"line":163,"column":52},"end":{"line":163,"column":58}},{"start":{"line":163,"column":61},"end":{"line":163,"column":70}}],"line":163},"23":{"loc":{"start":{"line":164,"column":15},"end":{"line":164,"column":63}},"type":"cond-expr","locations":[{"start":{"line":164,"column":24},"end":{"line":164,"column":42}},{"start":{"line":164,"column":45},"end":{"line":164,"column":63}}],"line":164},"24":{"loc":{"start":{"line":165,"column":21},"end":{"line":165,"column":60}},"type":"cond-expr","locations":[{"start":{"line":165,"column":30},"end":{"line":165,"column":48}},{"start":{"line":165,"column":51},"end":{"line":165,"column":60}}],"line":165}},"s":{"0":0,"1":0,"2":0,"3":0,"4":0,"5":0,"6":0,"7":0,"8":0,"9":0,"10":0,"11":0,"12":0,"13":0,"14":0,"15":0,"16":0,"17":0},"f":{"0":0,"1":0,"2":0,"3":0,"4":0,"5":0,"6":0},"b":{"0":[0,0],"1":[0,0],"2":[0,0],"3":[0,0],"4":[0,0],"5":[0,0],"6":[0,0],"7":[0,0],"8":[0,0],"9":[0,0],"10":[0,0],"11":[0,0,0],"12":[0,0],"13":[0,0],"14":[0,0],"15":[0,0],"16":[0,0,0],"17":[0,0],"18":[0,0],"19":[0,0],"20":[0,0],"21":[0,0],"22":[0,0],"23":[0,0],"24":[0,0]}}
,"/home/phungmai/Documents/AssetsManagement/src/containers/DeliveryReports/DeliveryReportForm/DeliveryReportForm.styles.js": {"path":"/home/phungmai/Documents/AssetsManagement/src/containers/DeliveryReports/DeliveryReportForm/DeliveryReportForm.styles.js","statementMap":{"0":{"start":{"line":3,"column":16},"end":{"line":98,"column":1}}},"fnMap":{},"branchMap":{},"s":{"0":0},"f":{},"b":{}}
,"/home/phungmai/Documents/AssetsManagement/src/containers/DeliveryReports/DetailPage/DetailPage.js": {"path":"/home/phungmai/Documents/AssetsManagement/src/containers/DeliveryReports/DetailPage/DetailPage.js","statementMap":{"0":{"start":{"line":18,"column":19},"end":{"line":222,"column":1}},"1":{"start":{"line":19,"column":17},"end":{"line":19,"column":28}},"2":{"start":{"line":20,"column":18},"end":{"line":20,"column":30}},"3":{"start":{"line":21,"column":28},"end":{"line":21,"column":61}},"4":{"start":{"line":22,"column":46},"end":{"line":22,"column":61}},"5":{"start":{"line":24,"column":26},"end":{"line":32,"column":25}},"6":{"start":{"line":25,"column":4},"end":{"line":27,"column":5}},"7":{"start":{"line":26,"column":6},"end":{"line":26,"column":16}},"8":{"start":{"line":29,"column":16},"end":{"line":29,"column":45}},"9":{"start":{"line":29,"column":33},"end":{"line":29,"column":44}},"10":{"start":{"line":31,"column":4},"end":{"line":31,"column":17}},"11":{"start":{"line":34,"column":19},"end":{"line":40,"column":4}},"12":{"start":{"line":38,"column":6},"end":{"line":38,"column":50}},"13":{"start":{"line":42,"column":23},"end":{"line":50,"column":23}},"14":{"start":{"line":43,"column":24},"end":{"line":43,"column":93}},"15":{"start":{"line":44,"column":14},"end":{"line":44,"column":27}},"16":{"start":{"line":45,"column":4},"end":{"line":45,"column":36}},"17":{"start":{"line":46,"column":4},"end":{"line":49,"column":14}},"18":{"start":{"line":47,"column":6},"end":{"line":47,"column":16}},"19":{"start":{"line":48,"column":6},"end":{"line":48,"column":16}},"20":{"start":{"line":52,"column":21},"end":{"line":61,"column":3}},"21":{"start":{"line":62,"column":2},"end":{"line":64,"column":3}},"22":{"start":{"line":63,"column":4},"end":{"line":63,"column":23}},"23":{"start":{"line":66,"column":2},"end":{"line":221,"column":4}},"24":{"start":{"line":71,"column":58},"end":{"line":71,"column":83}},"25":{"start":{"line":74,"column":79},"end":{"line":74,"column":93}},"26":{"start":{"line":82,"column":25},"end":{"line":82,"column":79}},"27":{"start":{"line":130,"column":12},"end":{"line":135,"column":18}},"28":{"start":{"line":167,"column":18},"end":{"line":180,"column":23}},"29":{"start":{"line":198,"column":10},"end":{"line":198,"column":19}},"30":{"start":{"line":199,"column":10},"end":{"line":199,"column":37}},"31":{"start":{"line":201,"column":24},"end":{"line":201,"column":50}}},"fnMap":{"0":{"name":"(anonymous_0)","decl":{"start":{"line":18,"column":19},"end":{"line":18,"column":20}},"loc":{"start":{"line":18,"column":25},"end":{"line":222,"column":1}},"line":18},"1":{"name":"(anonymous_1)","decl":{"start":{"line":24,"column":34},"end":{"line":24,"column":35}},"loc":{"start":{"line":24,"column":40},"end":{"line":32,"column":3}},"line":24},"2":{"name":"(anonymous_2)","decl":{"start":{"line":29,"column":26},"end":{"line":29,"column":27}},"loc":{"start":{"line":29,"column":33},"end":{"line":29,"column":44}},"line":29},"3":{"name":"(anonymous_3)","decl":{"start":{"line":37,"column":14},"end":{"line":37,"column":15}},"loc":{"start":{"line":37,"column":20},"end":{"line":39,"column":5}},"line":37},"4":{"name":"(anonymous_4)","decl":{"start":{"line":42,"column":35},"end":{"line":42,"column":36}},"loc":{"start":{"line":42,"column":41},"end":{"line":50,"column":3}},"line":42},"5":{"name":"(anonymous_5)","decl":{"start":{"line":46,"column":15},"end":{"line":46,"column":16}},"loc":{"start":{"line":46,"column":21},"end":{"line":49,"column":5}},"line":46},"6":{"name":"(anonymous_6)","decl":{"start":{"line":71,"column":52},"end":{"line":71,"column":53}},"loc":{"start":{"line":71,"column":58},"end":{"line":71,"column":83}},"line":71},"7":{"name":"(anonymous_7)","decl":{"start":{"line":74,"column":73},"end":{"line":74,"column":74}},"loc":{"start":{"line":74,"column":79},"end":{"line":74,"column":93}},"line":74},"8":{"name":"(anonymous_8)","decl":{"start":{"line":82,"column":19},"end":{"line":82,"column":20}},"loc":{"start":{"line":82,"column":25},"end":{"line":82,"column":79}},"line":82},"9":{"name":"(anonymous_9)","decl":{"start":{"line":129,"column":46},"end":{"line":129,"column":47}},"loc":{"start":{"line":130,"column":12},"end":{"line":135,"column":18}},"line":130},"10":{"name":"(anonymous_10)","decl":{"start":{"line":166,"column":51},"end":{"line":166,"column":52}},"loc":{"start":{"line":167,"column":18},"end":{"line":180,"column":23}},"line":167},"11":{"name":"(anonymous_11)","decl":{"start":{"line":197,"column":19},"end":{"line":197,"column":20}},"loc":{"start":{"line":197,"column":25},"end":{"line":200,"column":9}},"line":197},"12":{"name":"(anonymous_12)","decl":{"start":{"line":201,"column":18},"end":{"line":201,"column":19}},"loc":{"start":{"line":201,"column":24},"end":{"line":201,"column":50}},"line":201}},"branchMap":{"0":{"loc":{"start":{"line":25,"column":4},"end":{"line":27,"column":5}},"type":"if","locations":[{"start":{"line":25,"column":4},"end":{"line":27,"column":5}},{"start":{"line":25,"column":4},"end":{"line":27,"column":5}}],"line":25},"1":{"loc":{"start":{"line":36,"column":18},"end":{"line":36,"column":54}},"type":"binary-expr","locations":[{"start":{"line":36,"column":18},"end":{"line":36,"column":48}},{"start":{"line":36,"column":52},"end":{"line":36,"column":54}}],"line":36},"2":{"loc":{"start":{"line":43,"column":55},"end":{"line":43,"column":90}},"type":"binary-expr","locations":[{"start":{"line":43,"column":55},"end":{"line":43,"column":84}},{"start":{"line":43,"column":88},"end":{"line":43,"column":90}}],"line":43},"3":{"loc":{"start":{"line":62,"column":2},"end":{"line":64,"column":3}},"type":"if","locations":[{"start":{"line":62,"column":2},"end":{"line":64,"column":3}},{"start":{"line":62,"column":2},"end":{"line":64,"column":3}}],"line":62},"4":{"loc":{"start":{"line":62,"column":6},"end":{"line":62,"column":41}},"type":"binary-expr","locations":[{"start":{"line":62,"column":6},"end":{"line":62,"column":13}},{"start":{"line":62,"column":17},"end":{"line":62,"column":41}}],"line":62},"5":{"loc":{"start":{"line":110,"column":39},"end":{"line":110,"column":112}},"type":"binary-expr","locations":[{"start":{"line":110,"column":39},"end":{"line":110,"column":96}},{"start":{"line":110,"column":100},"end":{"line":110,"column":112}}],"line":110},"6":{"loc":{"start":{"line":129,"column":12},"end":{"line":129,"column":40}},"type":"binary-expr","locations":[{"start":{"line":129,"column":12},"end":{"line":129,"column":34}},{"start":{"line":129,"column":38},"end":{"line":129,"column":40}}],"line":129},"7":{"loc":{"start":{"line":160,"column":15},"end":{"line":164,"column":15}},"type":"binary-expr","locations":[{"start":{"line":160,"column":15},"end":{"line":160,"column":45}},{"start":{"line":161,"column":16},"end":{"line":163,"column":21}}],"line":160},"8":{"loc":{"start":{"line":165,"column":15},"end":{"line":181,"column":18}},"type":"binary-expr","locations":[{"start":{"line":165,"column":15},"end":{"line":165,"column":46}},{"start":{"line":166,"column":16},"end":{"line":181,"column":18}}],"line":165}},"s":{"0":0,"1":0,"2":0,"3":0,"4":0,"5":0,"6":0,"7":0,"8":0,"9":0,"10":0,"11":0,"12":0,"13":0,"14":0,"15":0,"16":0,"17":0,"18":0,"19":0,"20":0,"21":0,"22":0,"23":0,"24":0,"25":0,"26":0,"27":0,"28":0,"29":0,"30":0,"31":0},"f":{"0":0,"1":0,"2":0,"3":0,"4":0,"5":0,"6":0,"7":0,"8":0,"9":0,"10":0,"11":0,"12":0},"b":{"0":[0,0],"1":[0,0],"2":[0,0],"3":[0,0],"4":[0,0],"5":[0,0],"6":[0,0],"7":[0,0],"8":[0,0]}}
,"/home/phungmai/Documents/AssetsManagement/src/containers/DeliveryReports/DetailPage/DetailPage.styles.js": {"path":"/home/phungmai/Documents/AssetsManagement/src/containers/DeliveryReports/DetailPage/DetailPage.styles.js","statementMap":{"0":{"start":{"line":3,"column":16},"end":{"line":70,"column":1}}},"fnMap":{},"branchMap":{},"s":{"0":0},"f":{},"b":{}}
,"/home/phungmai/Documents/AssetsManagement/src/containers/DeliveryReports/FormContainer/FormContainer.js": {"path":"/home/phungmai/Documents/AssetsManagement/src/containers/DeliveryReports/FormContainer/FormContainer.js","statementMap":{"0":{"start":{"line":13,"column":22},"end":{"line":125,"column":1}},"1":{"start":{"line":14,"column":23},"end":{"line":14,"column":33}},"2":{"start":{"line":15,"column":18},"end":{"line":15,"column":30}},"3":{"start":{"line":17,"column":24},"end":{"line":31,"column":3}},"4":{"start":{"line":18,"column":11},"end":{"line":29,"column":5}},"5":{"start":{"line":24,"column":107},"end":{"line":27,"column":7}},"6":{"start":{"line":33,"column":27},"end":{"line":33,"column":53}},"7":{"start":{"line":35,"column":23},"end":{"line":111,"column":3}},"8":{"start":{"line":37,"column":26},"end":{"line":37,"column":39}},"9":{"start":{"line":38,"column":31},"end":{"line":38,"column":42}},"10":{"start":{"line":39,"column":25},"end":{"line":39,"column":26}},"11":{"start":{"line":40,"column":6},"end":{"line":42,"column":9}},"12":{"start":{"line":41,"column":8},"end":{"line":41,"column":65}},"13":{"start":{"line":44,"column":27},"end":{"line":49,"column":7}},"14":{"start":{"line":51,"column":6},"end":{"line":51,"column":39}},"15":{"start":{"line":53,"column":6},"end":{"line":86,"column":7}},"16":{"start":{"line":54,"column":8},"end":{"line":83,"column":13}},"17":{"start":{"line":58,"column":12},"end":{"line":77,"column":15}},"18":{"start":{"line":59,"column":14},"end":{"line":59,"column":29}},"19":{"start":{"line":60,"column":14},"end":{"line":75,"column":15}},"20":{"start":{"line":61,"column":16},"end":{"line":67,"column":21}},"21":{"start":{"line":66,"column":20},"end":{"line":66,"column":105}},"22":{"start":{"line":69,"column":16},"end":{"line":74,"column":21}},"23":{"start":{"line":73,"column":20},"end":{"line":73,"column":105}},"24":{"start":{"line":76,"column":14},"end":{"line":76,"column":27}},"25":{"start":{"line":78,"column":12},"end":{"line":78,"column":56}},"26":{"start":{"line":79,"column":12},"end":{"line":79,"column":86}},"27":{"start":{"line":82,"column":12},"end":{"line":82,"column":97}},"28":{"start":{"line":84,"column":8},"end":{"line":84,"column":21}},"29":{"start":{"line":85,"column":8},"end":{"line":85,"column":15}},"30":{"start":{"line":88,"column":6},"end":{"line":108,"column":11}},"31":{"start":{"line":91,"column":25},"end":{"line":91,"column":34}},"32":{"start":{"line":93,"column":10},"end":{"line":101,"column":13}},"33":{"start":{"line":94,"column":12},"end":{"line":99,"column":17}},"34":{"start":{"line":98,"column":16},"end":{"line":98,"column":101}},"35":{"start":{"line":100,"column":12},"end":{"line":100,"column":25}},"36":{"start":{"line":103,"column":10},"end":{"line":103,"column":54}},"37":{"start":{"line":104,"column":10},"end":{"line":104,"column":73}},"38":{"start":{"line":107,"column":10},"end":{"line":107,"column":95}},"39":{"start":{"line":113,"column":2},"end":{"line":124,"column":4}},"40":{"start":{"line":121,"column":20},"end":{"line":121,"column":69}}},"fnMap":{"0":{"name":"(anonymous_0)","decl":{"start":{"line":13,"column":22},"end":{"line":13,"column":23}},"loc":{"start":{"line":13,"column":36},"end":{"line":125,"column":1}},"line":13},"1":{"name":"(anonymous_1)","decl":{"start":{"line":18,"column":4},"end":{"line":18,"column":5}},"loc":{"start":{"line":18,"column":11},"end":{"line":29,"column":5}},"line":18},"2":{"name":"(anonymous_2)","decl":{"start":{"line":24,"column":89},"end":{"line":24,"column":90}},"loc":{"start":{"line":24,"column":107},"end":{"line":27,"column":7}},"line":24},"3":{"name":"(anonymous_3)","decl":{"start":{"line":36,"column":4},"end":{"line":36,"column":5}},"loc":{"start":{"line":36,"column":16},"end":{"line":109,"column":5}},"line":36},"4":{"name":"(anonymous_4)","decl":{"start":{"line":40,"column":23},"end":{"line":40,"column":24}},"loc":{"start":{"line":40,"column":30},"end":{"line":42,"column":7}},"line":40},"5":{"name":"(anonymous_5)","decl":{"start":{"line":57,"column":16},"end":{"line":57,"column":17}},"loc":{"start":{"line":57,"column":22},"end":{"line":80,"column":11}},"line":57},"6":{"name":"(anonymous_6)","decl":{"start":{"line":58,"column":29},"end":{"line":58,"column":30}},"loc":{"start":{"line":58,"column":36},"end":{"line":77,"column":13}},"line":58},"7":{"name":"(anonymous_7)","decl":{"start":{"line":64,"column":24},"end":{"line":64,"column":25}},"loc":{"start":{"line":64,"column":30},"end":{"line":64,"column":32}},"line":64},"8":{"name":"(anonymous_8)","decl":{"start":{"line":65,"column":25},"end":{"line":65,"column":26}},"loc":{"start":{"line":65,"column":31},"end":{"line":67,"column":19}},"line":65},"9":{"name":"(anonymous_9)","decl":{"start":{"line":71,"column":24},"end":{"line":71,"column":25}},"loc":{"start":{"line":71,"column":30},"end":{"line":71,"column":32}},"line":71},"10":{"name":"(anonymous_10)","decl":{"start":{"line":72,"column":25},"end":{"line":72,"column":26}},"loc":{"start":{"line":72,"column"
[...]
{"start":{"line":31,"column":8},"end":{"line":31,"column":43}},"16":{"start":{"line":32,"column":8},"end":{"line":32,"column":26}},"17":{"start":{"line":35,"column":8},"end":{"line":35,"column":56}},"18":{"start":{"line":39,"column":16},"end":{"line":41,"column":8}},"19":{"start":{"line":40,"column":4},"end":{"line":40,"column":24}},"20":{"start":{"line":43,"column":2},"end":{"line":43,"column":57}}},"fnMap":{"0":{"name":"(anonymous_0)","decl":{"start":{"line":5,"column":34},"end":{"line":5,"column":35}},"loc":{"start":{"line":5,"column":68},"end":{"line":44,"column":1}},"line":5},"1":{"name":"(anonymous_1)","decl":{"start":{"line":11,"column":12},"end":{"line":11,"column":13}},"loc":{"start":{"line":11,"column":18},"end":{"line":37,"column":3}},"line":11},"2":{"name":"(anonymous_2)","decl":{"start":{"line":20,"column":12},"end":{"line":20,"column":13}},"loc":{"start":{"line":20,"column":31},"end":{"line":33,"column":7}},"line":20},"3":{"name":"(anonymous_3)","decl":{"start":{"line":21,"column":30},"end":{"line":21,"column":31}},"loc":{"start":{"line":21,"column":39},"end":{"line":30,"column":9}},"line":21},"4":{"name":"(anonymous_4)","decl":{"start":{"line":26,"column":24},"end":{"line":26,"column":25}},"loc":{"start":{"line":26,"column":43},"end":{"line":29,"column":13}},"line":26},"5":{"name":"(anonymous_5)","decl":{"start":{"line":34,"column":13},"end":{"line":34,"column":14}},"loc":{"start":{"line":34,"column":24},"end":{"line":36,"column":7}},"line":34},"6":{"name":"(anonymous_6)","decl":{"start":{"line":39,"column":28},"end":{"line":39,"column":29}},"loc":{"start":{"line":39,"column":34},"end":{"line":41,"column":3}},"line":39}},"branchMap":{"0":{"loc":{"start":{"line":5,"column":41},"end":{"line":5,"column":61}},"type":"default-arg","locations":[{"start":{"line":5,"column":56},"end":{"line":5,"column":61}}],"line":5}},"s":{"0":0,"1":0,"2":0,"3":0,"4":0,"5":0,"6":0,"7":0,"8":0,"9":0,"10":0,"11":0,"12":0,"13":0,"14":0,"15":0,"16":0,"17":0,"18":0,"19":0,"20":0},"f":{"0":0,"1":0,"2":0,"3":0,"4":0,"5":0,"6":0},"b":{"0":[0]}}
,"/home/phungmai/Documents/AssetsManagement/src/hooks/useImportFile.js": {"path":"/home/phungmai/Documents/AssetsManagement/src/hooks/useImportFile.js","statementMap":{"0":{"start":{"line":7,"column":22},"end":{"line":30,"column":1}},"1":{"start":{"line":8,"column":23},"end":{"line":8,"column":33}},"2":{"start":{"line":10,"column":21},"end":{"line":27,"column":3}},"3":{"start":{"line":12,"column":6},"end":{"line":22,"column":9}},"4":{"start":{"line":13,"column":8},"end":{"line":21,"column":13}},"5":{"start":{"line":20,"column":12},"end":{"line":20,"column":97}},"6":{"start":{"line":23,"column":6},"end":{"line":23,"column":31}},"7":{"start":{"line":24,"column":6},"end":{"line":24,"column":69}},"8":{"start":{"line":29,"column":2},"end":{"line":29,"column":22}}},"fnMap":{"0":{"name":"(anonymous_0)","decl":{"start":{"line":7,"column":22},"end":{"line":7,"column":23}},"loc":{"start":{"line":7,"column":40},"end":{"line":30,"column":1}},"line":7},"1":{"name":"(anonymous_1)","decl":{"start":{"line":11,"column":4},"end":{"line":11,"column":5}},"loc":{"start":{"line":11,"column":16},"end":{"line":25,"column":5}},"line":11},"2":{"name":"(anonymous_2)","decl":{"start":{"line":12,"column":17},"end":{"line":12,"column":18}},"loc":{"start":{"line":12,"column":24},"end":{"line":22,"column":7}},"line":12},"3":{"name":"(anonymous_3)","decl":{"start":{"line":18,"column":16},"end":{"line":18,"column":17}},"loc":{"start":{"line":18,"column":22},"end":{"line":18,"column":24}},"line":18},"4":{"name":"(anonymous_4)","decl":{"start":{"line":19,"column":17},"end":{"line":19,"column":18}},"loc":{"start":{"line":19,"column":23},"end":{"line":21,"column":11}},"line":19}},"branchMap":{"0":{"loc":{"start":{"line":23,"column":6},"end":{"line":23,"column":30}},"type":"binary-expr","locations":[{"start":{"line":23,"column":6},"end":{"line":23,"column":16}},{"start":{"line":23,"column":20},"end":{"line":23,"column":30}}],"line":23}},"s":{"0":0,"1":0,"2":0,"3":0,"4":0,"5":0,"6":0,"7":0,"8":0},"f":{"0":0,"1":0,"2":0,"3":0,"4":0},"b":{"0":[0,0]}}
,"/home/phungmai/Documents/AssetsManagement/src/hooks/useQuery.js": {"path":"/home/phungmai/Documents/AssetsManagement/src/hooks/useQuery.js","statementMap":{"0":{"start":{"line":5,"column":24},"end":{"line":30,"column":1}},"1":{"start":{"line":6,"column":26},"end":{"line":6,"column":38}},"2":{"start":{"line":7,"column":32},"end":{"line":7,"column":47}},"3":{"start":{"line":8,"column":30},"end":{"line":8,"column":44}},"4":{"start":{"line":9,"column":42},"end":{"line":9,"column":57}},"5":{"start":{"line":11,"column":2},"end":{"line":23,"column":40}},"6":{"start":{"line":12,"column":4},"end":{"line":12,"column":21}},"7":{"start":{"line":14,"column":4},"end":{"line":22,"column":7}},"8":{"start":{"line":15,"column":19},"end":{"line":15,"column":21}},"9":{"start":{"line":16,"column":6},"end":{"line":18,"column":9}},"10":{"start":{"line":17,"column":8},"end":{"line":17,"column":51}},"11":{"start":{"line":19,"column":6},"end":{"line":19,"column":22}},"12":{"start":{"line":20,"column":6},"end":{"line":20,"column":22}},"13":{"start":{"line":21,"column":6},"end":{"line":21,"column":24}},"14":{"start":{"line":25,"column":16},"end":{"line":27,"column":8}},"15":{"start":{"line":26,"column":4},"end":{"line":26,"column":24}},"16":{"start":{"line":29,"column":2},"end":{"line":29,"column":42}}},"fnMap":{"0":{"name":"(anonymous_0)","decl":{"start":{"line":5,"column":24},"end":{"line":5,"column":25}},"loc":{"start":{"line":5,"column":59},"end":{"line":30,"column":1}},"line":5},"1":{"name":"(anonymous_1)","decl":{"start":{"line":11,"column":12},"end":{"line":11,"column":13}},"loc":{"start":{"line":11,"column":18},"end":{"line":23,"column":3}},"line":11},"2":{"name":"(anonymous_2)","decl":{"start":{"line":14,"column":34},"end":{"line":14,"column":35}},"loc":{"start":{"line":14,"column":53},"end":{"line":22,"column":5}},"line":14},"3":{"name":"(anonymous_3)","decl":{"start":{"line":16,"column":28},"end":{"line":16,"column":29}},"loc":{"start":{"line":16,"column":37},"end":{"line":18,"column":7}},"line":16},"4":{"name":"(anonymous_4)","decl":{"start":{"line":25,"column":28},"end":{"line":25,"column":29}},"loc":{"start":{"line":25,"column":34},"end":{"line":27,"column":3}},"line":25}},"branchMap":{"0":{"loc":{"start":{"line":5,"column":32},"end":{"line":5,"column":52}},"type":"default-arg","locations":[{"start":{"line":5,"column":47},"end":{"line":5,"column":52}}],"line":5}},"s":{"0":1,"1":2,"2":2,"3":2,"4":2,"5":2,"6":1,"7":1,"8":0,"9":0,"10":0,"11":0,"12":0,"13":0,"14":2,"15":0,"16":2},"f":{"0":2,"1":1,"2":0,"3":0,"4":0},"b":{"0":[2]},"_coverageSchema":"1a1c01bbd47fc00a2c39e90264f33305004495a9","hash":"36d710c3ed7e0d6ee2ad3269c133956e42025685"}
,"/home/phungmai/Documents/AssetsManagement/src/hooks/useUploadFiles.js": {"path":"/home/phungmai/Documents/AssetsManagement/src/hooks/useUploadFiles.js","statementMap":{"0":{"start":{"line":9,"column":38},"end":{"line":9,"column":56}},"1":{"start":{"line":10,"column":32},"end":{"line":10,"column":47}},"2":{"start":{"line":12,"column":21},"end":{"line":41,"column":3}},"3":{"start":{"line":14,"column":6},"end":{"line":14,"column":23}},"4":{"start":{"line":15,"column":21},"end":{"line":17,"column":7}},"5":{"start":{"line":19,"column":25},"end":{"line":19,"column":38}},"6":{"start":{"line":21,"column":23},"end":{"line":21,"column":81}},"7":{"start":{"line":23,"column":6},"end":{"line":38,"column":8}},"8":{"start":{"line":26,"column":25},"end":{"line":26,"column":80}},"9":{"start":{"line":27,"column":10},"end":{"line":27,"column":58}},"10":{"start":{"line":30,"column":10},"end":{"line":30,"column":40}},"11":{"start":{"line":33,"column":10},"end":{"line":36,"column":13}},"12":{"start":{"line":34,"column":12},"end":{"line":34,"column":72}},"13":{"start":{"line":35,"column":12},"end":{"line":35,"column":30}},"14":{"start":{"line":43,"column":2},"end":{"line":43,"column":35}}},"fnMap":{"0":{"name":"useUploadFiles","decl":{"start":{"line":8,"column":24},"end":{"line":8,"column":38}},"loc":{"start":{"line":8,"column":49},"end":{"line":44,"column":1}},"line":8},"1":{"name":"(anonymous_1)","decl":{"start":{"line":13,"column":4},"end":{"line":13,"column":5}},"loc":{"start":{"line":13,"column":14},"end":{"line":39,"column":5}},"line":13},"2":{"name":"(anonymous_2)","decl":{"start":{"line":25,"column":8},"end":{"line":25,"column":9}},"loc":{"start":{"line":25,"column":22},"end":{"line":28,"column":9}},"line":25},"3":{"name":"(anonymous_3)","decl":{"start":{"line":29,"column":8},"end":{"line":29,"column":9}},"loc":{"start":{"line":29,"column":19},"end":{"line":31,"column":9}},"line":29},"4":{"name":"(anonymous_4)","decl":{"start":{"line":32,"column":8},"end":{"line":32,"column":9}},"loc":{"start":{"line":32,"column":14},"end":{"line":37,"column":9}},"line":32},"5":{"name":"(anonymous_5)","decl":{"start":{"line":33,"column":56},"end":{"line":33,"column":57}},"loc":{"start":{"line":33,"column":73},"end":{"line":36,"column":11}},"line":33}},"branchMap":{},"s":{"0":0,"1":0,"2":0,"3":0,"4":0,"5":0,"6":0,"7":0,"8":0,"9":0,"10":0,"11":0,"12":0,"13":0,"14":0},"f":{"0":0,"1":0,"2":0,"3":0,"4":0,"5":0},"b":{}}
,"/home/phungmai/Documents/AssetsManagement/src/hooks/useUploadImage.js": {"path":"/home/phungmai/Documents/AssetsManagement/src/hooks/useUploadImage.js","statementMap":{"0":{"start":{"line":8,"column":23},"end":{"line":42,"column":1}},"1":{"start":{"line":9,"column":43},"end":{"line":9,"column":61}},"2":{"start":{"line":10,"column":23},"end":{"line":10,"column":33}},"3":{"start":{"line":12,"column":22},"end":{"line":39,"column":3}},"4":{"start":{"line":14,"column":21},"end":{"line":16,"column":7}},"5":{"start":{"line":18,"column":25},"end":{"line":18,"column":38}},"6":{"start":{"line":20,"column":23},"end":{"line":20,"column":82}},"7":{"start":{"line":22,"column":6},"end":{"line":36,"column":8}},"8":{"start":{"line":25,"column":25},"end":{"line":25,"column":80}},"9":{"start":{"line":28,"column":10},"end":{"line":28,"column":105}},"10":{"start":{"line":29,"column":10},"end":{"line":29,"column":23}},"11":{"start":{"line":32,"column":10},"end":{"line":34,"column":13}},"12":{"start":{"line":33,"column":12},"end":{"line":33,"column":76}},"13":{"start":{"line":41,"column":2},"end":{"line":41,"column":23}}},"fnMap":{"0":{"name":"(anonymous_0)","decl":{"start":{"line":8,"column":23},"end":{"line":8,"column":24}},"loc":{"start":{"line":8,"column":33},"end":{"line":42,"column":1}},"line":8},"1":{"name":"(anonymous_1)","decl":{"start":{"line":13,"column":4},"end":{"line":13,"column":5}},"loc":{"start":{"line":13,"column":14},"end":{"line":37,"column":5}},"line":13},"2":{"name":"(anonymous_2)","decl":{"start":{"line":24,"column":8},"end":{"line":24,"column":9}},"loc":{"start":{"line":24,"column":22},"end":{"line":26,"column":9}},"line":24},"3":{"name":"(anonymous_3)","decl":{"start":{"line":27,"column":8},"end":{"line":27,"column":9}},"loc":{"start":{"line":27,"column":19},"end":{"line":30,"column":9}},"line":27},"4":{"name":"(anonymous_4)","decl":{"start":{"line":31,"column":8},"end":{"line":31,"column":9}},"loc":{"start":{"line":31,"column":14},"end":{"line":35,"column":9}},"line":31},"5":{"name":"(anonymous_5)","decl":{"start":{"line":32,"column":56},"end":{"line":32,"column":57}},"loc":{"start":{"line":32,"column":73},"end":{"line":34,"column":11}},"line":32}},"branchMap":{"0":{"loc":{"start":{"line":9,"column":11},"end":{"line":9,"column":21}},"type":"default-arg","locations":[{"start":{"line":9,"column":19},"end":{"line":9,"column":21}}],"line":9},"1":{"loc":{"start":{"line":28,"column":10},"end":{"line":28,"column":104}},"type":"binary-expr","locations":[{"start":{"line":28,"column":10},"end":{"line":28,"column":17}},{"start":{"line":28,"column":21},"end":{"line":28,"column":104}}],"line":28}},"s":{"0":1,"1":1,"2":1,"3":1,"4":0,"5":0,"6":0,"7":0,"8":0,"9":0,"10":0,"11":0,"12":0,"13":1},"f":{"0":1,"1":0,"2":0,"3":0,"4":0,"5":0},"b":{"0":[0],"1":[0,0]},"_coverageSchema":"1a1c01bbd47fc00a2c39e90264f33305004495a9","hash":"17e5b77930722c04b01723efe84e7b062e20b69e"}
,"/home/phungmai/Documents/AssetsManagement/src/hooks/useUploadPhoto.js": {"path":"/home/phungmai/Documents/AssetsManagement/src/hooks/useUploadPhoto.js","statementMap":{},"fnMap":{},"branchMap":{},"s":{},"f":{},"b":{}}
,"/home/phungmai/Documents/AssetsManagement/src/utils/constant.js": {"path":"/home/phungmai/Documents/AssetsManagement/src/utils/constant.js","statementMap":{"0":{"start":{"line":1,"column":23},"end":{"line":1,"column":27}},"1":{"start":{"line":2,"column":27},"end":{"line":2,"column":35}},"2":{"start":{"line":3,"column":32},"end":{"line":3,"column":41}},"3":{"start":{"line":4,"column":31},"end":{"line":4,"column":42}},"4":{"start":{"line":5,"column":26},"end":{"line":5,"column":38}},"5":{"start":{"line":6,"column":23},"end":{"line":6,"column":32}},"6":{"start":{"line":8,"column":27},"end":{"line":25,"column":1}}},"fnMap":{},"branchMap":{},"s":{"0":0,"1":0,"2":0,"3":0,"4":0,"5":0,"6":0},"f":{},"b":{}}
,"/home/phungmai/Documents/AssetsManagement/src/utils/focusOnTop.js": {"path":"/home/phungmai/Documents/AssetsManagement/src/utils/focusOnTop.js","statementMap":{"0":{"start":{"line":2,"column":2},"end":{"line":5,"column":5}}},"fnMap":{"0":{"name":"(anonymous_0)","decl":{"start":{"line":1,"column":15},"end":{"line":1,"column":16}},"loc":{"start":{"line":1,"column":21},"end":{"line":6,"column":1}},"line":1}},"branchMap":{},"s":{"0":0},"f":{"0":0},"b":{},"_coverageSchema":"1a1c01bbd47fc00a2c39e90264f33305004495a9","hash":"e8593bb88265cb8e3758a21df3517ed7c901d456"}
,"/home/phungmai/Documents/AssetsManagement/src/utils/helper.js": {"path":"/home/phungmai/Documents/AssetsManagement/src/utils/helper.js","statementMap":{"0":{"start":{"line":3,"column":35},"end":{"line":6,"column":1}},"1":{"start":{"line":4,"column":2},"end":{"line":4,"column":29}},"2":{"start":{"line":4,"column":19},"end":{"line":4,"column":29}},"3":{"start":{"line":5,"column":2},"end":{"line":5,"column":73}},"4":{"start":{"line":8,"column":34},"end":{"line":16,"column":1}},"5":{"start":{"line":9,"column":2},"end":{"line":9,"column":23}},"6":{"start":{"line":9,"column":16},"end":{"line":9,"column":23}},"7":{"start":{"line":11,"column":23},"end":{"line":11,"column":37}},"8":{"start":{"line":13,"column":21},"end":{"line":13,"column":43}},"9":{"start":{"line":15,"column":2},"end":{"line":15,"column":42}},"10":{"start":{"line":18,"column":26},"end":{"line":26,"column":1}},"11":{"start":{"line":19,"column":2},"end":{"line":19,"column":23}},"12":{"start":{"line":19,"column":16},"end":{"line":19,"column":23}},"13":{"start":{"line":21,"column":23},"end":{"line":21,"column":37}},"14":{"start":{"line":23,"column":21},"end":{"line":23,"column":43}},"15":{"start":{"line":25,"column":2},"end":{"line":25,"column":20}},"16":{"start":{"line":28,"column":27},"end":{"line":32,"column":1}},"17":{"start":{"line":29,"column":2},"end":{"line":29,"column":22}},"18":{"start":{"line":29,"column":13},"end":{"line":29,"column":22}},"19":{"start":{"line":31,"column":2},"end":{"line":31,"column":41}}},"fnMap":{"0":{"name":"(anonymous_0)","decl":{"start":{"line":3,"column":35},"end":{"line":3,"column":36}},"loc":{"start":{"line":3,"column":51},"end":{"line":6,"column":1}},"line":3},"1":{"name":"(anonymous_1)","decl":{"start":{"line":8,"column":34},"end":{"line":8,"column":35}},"loc":{"start":{"line":8,"column":47},"end":{"line":16,"column":1}},"line":8},"2":{"name":"(anonymous_2)","decl":{"start":{"line":18,"column":26},"end":{"line":18,"column":27}},"loc":{"start":{"line":18,"column":39},"end":{"line":26,"column":1}},"line":18},"3":{"name":"(anonymous_3)","decl":{"start":{"line":28,"column":27},"end":{"line":28,"column":28}},"loc":{"start":{"line":28,"column":37},"end":{"line":32,"column":1}},"line":28}},"branchMap":{"0":{"loc":{"start":{"line":4,"column":2},"end":{"line":4,"column":29}},"type":"if","locations":[{"start":{"line":4,"column":2},"end":{"line":4,"column":29}},{"start":{"line":4,"column":2},"end":{"line":4,"column":29}}],"line":4},"1":{"loc":{"start":{"line":9,"column":2},"end":{"line":9,"column":23}},"type":"if","locations":[{"start":{"line":9,"column":2},"end":{"line":9,"column":23}},{"start":{"line":9,"column":2},"end":{"line":9,"column":23}}],"line":9},"2":{"loc":{"start":{"line":19,"column":2},"end":{"line":19,"column":23}},"type":"if","locations":[{"start":{"line":19,"column":2},"end":{"line":19,"column":23}},{"start":{"line":19,"column":2},"end":{"line":19,"column":23}}],"line":19},"3":{"loc":{"start":{"line":29,"column":2},"end":{"line":29,"column":22}},"type":"if","locations":[{"start":{"line":29,"column":2},"end":{"line":29,"column":22}},{"start":{"line":29,"column":2},"end":{"line":29,"column":22}}],"line":29}},"s":{"0":1,"1":0,"2":0,"3":0,"4":1,"5":0,"6":0,"7":0,"8":0,"9":0,"10":1,"11":0,"12":0,"13":0,"14":0,"15":0,"16":1,"17":0,"18":0,"19":0},"f":{"0":0,"1":0,"2":0,"3":0},"b":{"0":[0,0],"1":[0,0],"2":[0,0],"3":[0,0]},"_coverageSchema":"1a1c01bbd47fc00a2c39e90264f33305004495a9","hash":"2f093a9dde8bbb0824ad8b13f745e0ceb5bedc0a"}
,"/home/phungmai/Documents/AssetsManagement/src/utils/restructureData.js": {"path":"/home/phungmai/Documents/AssetsManagement/src/utils/restructureData.js","statementMap":{"0":{"start":{"line":1,"column":34},"end":{"line":15,"column":1}},"1":{"start":{"line":2,"column":2},"end":{"line":14,"column":5}},"2":{"start":{"line":3,"column":16},"end":{"line":3,"column":69}},"3":{"start":{"line":3,"column":35},"end":{"line":3,"column":68}},"4":{"start":{"line":4,"column":21},"end":{"line":4,"column":23}},"5":{"start":{"line":5,"column":4},"end":{"line":8,"column":5}},"6":{"start":{"line":6,"column":6},"end":{"line":6,"column":53}},"7":{"start":{"line":7,"column":6},"end":{"line":7,"column":34}},"8":{"start":{"line":10,"column":4},"end":{"line":13,"column":6}},"9":{"start":{"line":17,"column":34},"end":{"line":25,"column":1}},"10":{"start":{"line":18,"column":2},"end":{"line":24,"column":5}},"11":{"start":{"line":19,"column":18},"end":{"line":19,"column":73}},"12":{"start":{"line":19,"column":39},"end":{"line":19,"column":72}},"13":{"start":{"line":20,"column":4},"end":{"line":20,"column":32}},"14":{"start":{"line":21,"column":4},"end":{"line":23,"column":6}}},"fnMap":{"0":{"name":"(anonymous_0)","decl":{"start":{"line":1,"column":34},"end":{"line":1,"column":35}},"loc":{"start":{"line":1,"column":80},"end":{"line":15,"column":1}},"line":1},"1":{"name":"(anonymous_1)","decl":{"start":{"line":2,"column":21},"end":{"line":2,"column":22}},"loc":{"start":{"line":2,"column":33},"end":{"line":14,"column":3}},"line":2},"2":{"name":"(anonymous_2)","decl":{"start":{"line":3,"column":28},"end":{"line":3,"column":29}},"loc":{"start":{"line":3,"column":35},"end":{"line":3,"column":68}},"line":3},"3":{"name":"(anonymous_3)","decl":{"start":{"line":17,"column":34},"end":{"line":17,"column":35}},"loc":{"start":{"line":17,"column":91},"end":{"line":25,"column":1}},"line":17},"4":{"name":"(anonymous_4)","decl":{"start":{"line":18,"column":21},"end":{"line":18,"column":22}},"loc":{"start":{"line":18,"column":33},"end":{"line":24,"column":3}},"line":18},"5":{"name":"(anonymous_5)","decl":{"start":{"line":19,"column":32},"end":{"line":19,"column":33}},"loc":{"start":{"line":19,"column":39},"end":{"line":19,"column":72}},"line":19}},"branchMap":{"0":{"loc":{"start":{"line":5,"column":4},"end":{"line":8,"column":5}},"type":"if","locations":[{"start":{"line":5,"column":4},"end":{"line":8,"column":5}},{"start":{"line":5,"column":4},"end":{"line":8,"column":5}}],"line":5},"1":{"loc":{"start":{"line":5,"column":8},"end":{"line":5,"column":46}},"type":"binary-expr","locations":[{"start":{"line":5,"column":8},"end":{"line":5,"column":13}},{"start":{"line":5,"column":17},"end":{"line":5,"column":46}}],"line":5}},"s":{"0":0,"1":0,"2":0,"3":0,"4":0,"5":0,"6":0,"7":0,"8":0,"9":0,"10":0,"11":0,"12":0,"13":0,"14":0},"f":{"0":0,"1":0,"2":0,"3":0,"4":0,"5":0},"b":{"0":[0,0],"1":[0,0]}}
}
